#
# A fatal error has been detected by the Java Runtime Environment:
#
#  Internal Error (c:/cygwin64/tmp/openjdk-jdk12u-windows-x64-hotspot/workspace/build/src/src/hotspot/os_cpu/windows_x86/os_windows_x86.cpp:145), pid=3632, tid=7744
#  guarantee(result == EXCEPTION_CONTINUE_EXECUTION) failed: Unexpected result from topLevelExceptionFilter
#
# JRE version: OpenJDK Runtime Environment (12.0.2+10) (build 12.0.2+10)
# Java VM: OpenJDK 64-Bit Server VM (12.0.2+10, mixed mode, sharing, tiered, compressed oops, g1 gc, windows-amd64)
# No core dump will be written. Minidumps are not enabled by default on client versions of Windows
#
# If you would like to submit a bug report, please visit:
#   https://github.com/AdoptOpenJDK/openjdk-build/issues
# The crash happened outside the Java Virtual Machine in native code.
# See problematic frame for where to report the bug.
#

---------------  S U M M A R Y ------------

Command Line: --module-path=C:\Users\V-Windows\.m2\repository\org\openjfx\javafx-base\12.0.2\javafx-base-12.0.2-win.jar;C:\Users\V-Windows\.m2\repository\org\openjfx\javafx-base\12.0.2\javafx-base-12.0.2.jar;C:\Users\V-Windows\.m2\repository\org\openjfx\javafx-controls\12.0.2\javafx-controls-12.0.2-win.jar;C:\Users\V-Windows\.m2\repository\org\openjfx\javafx-controls\12.0.2\javafx-controls-12.0.2.jar;C:\Users\V-Windows\.m2\repository\org\openjfx\javafx-fxml\12.0.2\javafx-fxml-12.0.2-win.jar;C:\Users\V-Windows\.m2\repository\org\openjfx\javafx-fxml\12.0.2\javafx-fxml-12.0.2.jar;C:\Users\V-Windows\.m2\repository\org\openjfx\javafx-graphics\12.0.2\javafx-graphics-12.0.2-win.jar;C:\Users\V-Windows\.m2\repository\org\openjfx\javafx-graphics\12.0.2\javafx-graphics-12.0.2.jar --add-modules=javafx.base,javafx.controls,javafx.fxml,javafx.graphics com.m3u.M3UEditor

Host: Intel(R) Core(TM) i7-6700 CPU @ 3.40GHz, 2 cores, 5G,  Windows 7 , 64 bit Build 7601 (6.1.7601.24511)
Time: Fri Aug 30 01:25:04 2019 Mitteleuropäische Sommerzeit elapsed time: 0 seconds (0d 0h 0m 0s)

---------------  T H R E A D  ---------------

Current thread (0x0000000021e50000):  JavaThread "QuantumRenderer-0" daemon [_thread_in_native, id=7744, stack(0x0000000022560000,0x0000000022660000)]

Stack: [0x0000000022560000,0x0000000022660000]
Native frames: (J=compiled Java code, j=interpreted, Vv=VM code, C=native code)
V  [jvm.dll+0x5f783a]
V  [jvm.dll+0x7a3d2e]
V  [jvm.dll+0x7a54a0]
V  [jvm.dll+0x7a5ab7]
V  [jvm.dll+0x24a26c]
V  [jvm.dll+0x5f750c]
C  [ntdll.dll+0x6bf7d]
C  [ntdll.dll+0x4043a]
C  [ntdll.dll+0x6b61e]
C  [VBoxSVGA.dll+0x17e9]

Java frames: (J=compiled Java code, j=interpreted, Vv=VM code)
j  com.sun.prism.d3d.D3DResourceFactory.nGetContext(I)J+0 javafx.graphics
j  com.sun.prism.d3d.D3DPipeline.createResourceFactory(ILcom/sun/glass/ui/Screen;)Lcom/sun/prism/d3d/D3DResourceFactory;+1 javafx.graphics
j  com.sun.prism.d3d.D3DPipeline.getD3DResourceFactory(ILcom/sun/glass/ui/Screen;)Lcom/sun/prism/d3d/D3DResourceFactory;+16 javafx.graphics
j  com.sun.prism.d3d.D3DPipeline.findDefaultResourceFactory(Ljava/util/List;)Lcom/sun/prism/d3d/D3DResourceFactory;+17 javafx.graphics
j  com.sun.prism.d3d.D3DPipeline.getDefaultResourceFactory(Ljava/util/List;)Lcom/sun/prism/ResourceFactory;+9 javafx.graphics
j  com.sun.prism.GraphicsPipeline.getDefaultResourceFactory()Lcom/sun/prism/ResourceFactory;+8 javafx.graphics
j  com.sun.javafx.tk.quantum.QuantumRenderer.lambda$createResourceFactory$2()V+0 javafx.graphics
j  com.sun.javafx.tk.quantum.QuantumRenderer$$Lambda$91.run()V+0 javafx.graphics
j  java.util.concurrent.Executors$RunnableAdapter.call()Ljava/lang/Object;+4 java.base@12.0.2
j  java.util.concurrent.FutureTask.runAndReset()Z+44 java.base@12.0.2
j  com.sun.javafx.tk.RenderJob.run()V+1 javafx.graphics
j  java.util.concurrent.ThreadPoolExecutor.runWorker(Ljava/util/concurrent/ThreadPoolExecutor$Worker;)V+92 java.base@12.0.2
j  java.util.concurrent.ThreadPoolExecutor$Worker.run()V+5 java.base@12.0.2
j  com.sun.javafx.tk.quantum.QuantumRenderer$PipelineRunnable.run()V+8 javafx.graphics
j  java.lang.Thread.run()V+11 java.base@12.0.2
v  ~StubRoutines::call_stub

---------------  P R O C E S S  ---------------

Threads class SMR info:
_java_thread_list=0x0000000021ee7360, length=13, elements={
0x000000000034b000, 0x0000000020aaf800, 0x0000000020ab2800, 0x0000000020ac5000,
0x0000000020acb000, 0x0000000020acf000, 0x0000000020b3e000, 0x0000000020b3f000,
0x0000000020bfb000, 0x0000000021d14000, 0x0000000021e50000, 0x0000000021e9d800,
0x0000000021eb5800
}

Java Threads: ( => current thread )
  0x000000000034b000 JavaThread "main" [_thread_blocked, id=7692, stack(0x0000000002290000,0x0000000002390000)]
  0x0000000020aaf800 JavaThread "Reference Handler" daemon [_thread_blocked, id=2612, stack(0x0000000020ee0000,0x0000000020fe0000)]
  0x0000000020ab2800 JavaThread "Finalizer" daemon [_thread_blocked, id=1752, stack(0x0000000020cd0000,0x0000000020dd0000)]
  0x0000000020ac5000 JavaThread "Signal Dispatcher" daemon [_thread_blocked, id=5892, stack(0x00000000212a0000,0x00000000213a0000)]
  0x0000000020acb000 JavaThread "Attach Listener" daemon [_thread_blocked, id=4148, stack(0x0000000021450000,0x0000000021550000)]
  0x0000000020acf000 JavaThread "C2 CompilerThread0" daemon [_thread_blocked, id=4912, stack(0x0000000021100000,0x0000000021200000)]
  0x0000000020b3e000 JavaThread "C1 CompilerThread0" daemon [_thread_blocked, id=7988, stack(0x0000000021600000,0x0000000021700000)]
  0x0000000020b3f000 JavaThread "Sweeper thread" daemon [_thread_blocked, id=7788, stack(0x0000000021870000,0x0000000021970000)]
  0x0000000020bfb000 JavaThread "Common-Cleaner" daemon [_thread_blocked, id=4828, stack(0x0000000021aa0000,0x0000000021ba0000)]
  0x0000000021d14000 JavaThread "Service Thread" daemon [_thread_blocked, id=7664, stack(0x0000000022030000,0x0000000022130000)]
=>0x0000000021e50000 JavaThread "QuantumRenderer-0" daemon [_thread_in_native, id=7744, stack(0x0000000022560000,0x0000000022660000)]
  0x0000000021e9d800 JavaThread "InvokeLaterDispatcher" daemon [_thread_blocked, id=4588, stack(0x0000000022960000,0x0000000022a60000)]
  0x0000000021eb5800 JavaThread "JavaFX Application Thread" [_thread_blocked, id=6280, stack(0x0000000022840000,0x0000000022940000)]

Other Threads:
  0x0000000020aaa800 VMThread "VM Thread" [stack: 0x0000000020dd0000,0x0000000020ed0000] [id=4016]
  0x0000000021d1b000 WatcherThread [stack: 0x0000000022160000,0x0000000022260000] [id=4472]
  0x0000000000381800 GCTaskThread "GC Thread#0" [stack: 0x000000001da40000,0x000000001db40000] [id=3568]
  0x0000000021d29800 GCTaskThread "GC Thread#1" [stack: 0x0000000022330000,0x0000000022430000] [id=4248]
  0x000000000038e800 ConcurrentGCThread "G1 Main Marker" [stack: 0x000000001d940000,0x000000001da40000] [id=4356]
  0x0000000000390800 ConcurrentGCThread "G1 Conc#0" [stack: 0x000000001db70000,0x000000001dc70000] [id=5040]
  0x000000001fea0800 ConcurrentGCThread "G1 Refine#0" [stack: 0x0000000020120000,0x0000000020220000] [id=1496]
  0x00000000003e5000 ConcurrentGCThread "G1 Young RemSet Sampling" [stack: 0x000000001ffe0000,0x00000000200e0000] [id=2556]

Threads with active compile tasks:

VM state:not at safepoint (normal execution)

VM Mutex/Monitor currently owned by a thread: None

Heap address: 0x00000000a0000000, size: 1536 MB, Compressed Oops mode: 32-bit
Narrow klass base: 0x0000000800000000, Narrow klass shift: 3
Compressed class space size: 1073741824 Address: 0x00000008011a0000

Heap:
 garbage-first heap   total 98304K, used 7497K [0x00000000a0000000, 0x0000000100000000)
  region size 1024K, 8 young (8192K), 1 survivors (1024K)
 Metaspace       used 3187K, capacity 6110K, committed 6400K, reserved 1056768K
  class space    used 375K, capacity 684K, committed 768K, reserved 1048576K
Heap Regions: E=young(eden), S=young(survivor), O=old, HS=humongous(starts), HC=humongous(continues), CS=collection set, F=free, A=archive, TAMS=top-at-mark-start (previous, next)
|   0|0x00000000a0000000, 0x00000000a0052400, 0x00000000a0100000| 32%| O|  |TAMS 0x00000000a0000000, 0x00000000a0000000| Untracked 
|   1|0x00000000a0100000, 0x00000000a0100000, 0x00000000a0200000|  0%| F|  |TAMS 0x00000000a0100000, 0x00000000a0100000| Untracked 
|   2|0x00000000a0200000, 0x00000000a0200000, 0x00000000a0300000|  0%| F|  |TAMS 0x00000000a0200000, 0x00000000a0200000| Untracked 
|   3|0x00000000a0300000, 0x00000000a0300000, 0x00000000a0400000|  0%| F|  |TAMS 0x00000000a0300000, 0x00000000a0300000| Untracked 
|   4|0x00000000a0400000, 0x00000000a0400000, 0x00000000a0500000|  0%| F|  |TAMS 0x00000000a0400000, 0x00000000a0400000| Untracked 
|   5|0x00000000a0500000, 0x00000000a0500000, 0x00000000a0600000|  0%| F|  |TAMS 0x00000000a0500000, 0x00000000a0500000| Untracked 
|   6|0x00000000a0600000, 0x00000000a0600000, 0x00000000a0700000|  0%| F|  |TAMS 0x00000000a0600000, 0x00000000a0600000| Untracked 
|   7|0x00000000a0700000, 0x00000000a0700000, 0x00000000a0800000|  0%| F|  |TAMS 0x00000000a0700000, 0x00000000a0700000| Untracked 
|   8|0x00000000a0800000, 0x00000000a0800000, 0x00000000a0900000|  0%| F|  |TAMS 0x00000000a0800000, 0x00000000a0800000| Untracked 
|   9|0x00000000a0900000, 0x00000000a0900000, 0x00000000a0a00000|  0%| F|  |TAMS 0x00000000a0900000, 0x00000000a0900000| Untracked 
|  10|0x00000000a0a00000, 0x00000000a0a00000, 0x00000000a0b00000|  0%| F|  |TAMS 0x00000000a0a00000, 0x00000000a0a00000| Untracked 
|  11|0x00000000a0b00000, 0x00000000a0b00000, 0x00000000a0c00000|  0%| F|  |TAMS 0x00000000a0b00000, 0x00000000a0b00000| Untracked 
|  12|0x00000000a0c00000, 0x00000000a0c00000, 0x00000000a0d00000|  0%| F|  |TAMS 0x00000000a0c00000, 0x00000000a0c00000| Untracked 
|  13|0x00000000a0d00000, 0x00000000a0d00000, 0x00000000a0e00000|  0%| F|  |TAMS 0x00000000a0d00000, 0x00000000a0d00000| Untracked 
|  14|0x00000000a0e00000, 0x00000000a0e00000, 0x00000000a0f00000|  0%| F|  |TAMS 0x00000000a0e00000, 0x00000000a0e00000| Untracked 
|  15|0x00000000a0f00000, 0x00000000a0f00000, 0x00000000a1000000|  0%| F|  |TAMS 0x00000000a0f00000, 0x00000000a0f00000| Untracked 
|  16|0x00000000a1000000, 0x00000000a1000000, 0x00000000a1100000|  0%| F|  |TAMS 0x00000000a1000000, 0x00000000a1000000| Untracked 
|  17|0x00000000a1100000, 0x00000000a1100000, 0x00000000a1200000|  0%| F|  |TAMS 0x00000000a1100000, 0x00000000a1100000| Untracked 
|  18|0x00000000a1200000, 0x00000000a1200000, 0x00000000a1300000|  0%| F|  |TAMS 0x00000000a1200000, 0x00000000a1200000| Untracked 
|  19|0x00000000a1300000, 0x00000000a1300000, 0x00000000a1400000|  0%| F|  |TAMS 0x00000000a1300000, 0x00000000a1300000| Untracked 
|  20|0x00000000a1400000, 0x00000000a1400000, 0x00000000a1500000|  0%| F|  |TAMS 0x00000000a1400000, 0x00000000a1400000| Untracked 
|  21|0x00000000a1500000, 0x00000000a1500000, 0x00000000a1600000|  0%| F|  |TAMS 0x00000000a1500000, 0x00000000a1500000| Untracked 
|  22|0x00000000a1600000, 0x00000000a1600000, 0x00000000a1700000|  0%| F|  |TAMS 0x00000000a1600000, 0x00000000a1600000| Untracked 
|  23|0x00000000a1700000, 0x00000000a1700000, 0x00000000a1800000|  0%| F|  |TAMS 0x00000000a1700000, 0x00000000a1700000| Untracked 
|  24|0x00000000a1800000, 0x00000000a1800000, 0x00000000a1900000|  0%| F|  |TAMS 0x00000000a1800000, 0x00000000a1800000| Untracked 
|  25|0x00000000a1900000, 0x00000000a1900000, 0x00000000a1a00000|  0%| F|  |TAMS 0x00000000a1900000, 0x00000000a1900000| Untracked 
|  26|0x00000000a1a00000, 0x00000000a1a00000, 0x00000000a1b00000|  0%| F|  |TAMS 0x00000000a1a00000, 0x00000000a1a00000| Untracked 
|  27|0x00000000a1b00000, 0x00000000a1b00000, 0x00000000a1c00000|  0%| F|  |TAMS 0x00000000a1b00000, 0x00000000a1b00000| Untracked 
|  28|0x00000000a1c00000, 0x00000000a1c00000, 0x00000000a1d00000|  0%| F|  |TAMS 0x00000000a1c00000, 0x00000000a1c00000| Untracked 
|  29|0x00000000a1d00000, 0x00000000a1d00000, 0x00000000a1e00000|  0%| F|  |TAMS 0x00000000a1d00000, 0x00000000a1d00000| Untracked 
|  30|0x00000000a1e00000, 0x00000000a1e00000, 0x00000000a1f00000|  0%| F|  |TAMS 0x00000000a1e00000, 0x00000000a1e00000| Untracked 
|  31|0x00000000a1f00000, 0x00000000a1f00000, 0x00000000a2000000|  0%| F|  |TAMS 0x00000000a1f00000, 0x00000000a1f00000| Untracked 
|  32|0x00000000a2000000, 0x00000000a2000000, 0x00000000a2100000|  0%| F|  |TAMS 0x00000000a2000000, 0x00000000a2000000| Untracked 
|  33|0x00000000a2100000, 0x00000000a2100000, 0x00000000a2200000|  0%| F|  |TAMS 0x00000000a2100000, 0x00000000a2100000| Untracked 
|  34|0x00000000a2200000, 0x00000000a2200000, 0x00000000a2300000|  0%| F|  |TAMS 0x00000000a2200000, 0x00000000a2200000| Untracked 
|  35|0x00000000a2300000, 0x00000000a2300000, 0x00000000a2400000|  0%| F|  |TAMS 0x00000000a2300000, 0x00000000a2300000| Untracked 
|  36|0x00000000a2400000, 0x00000000a2400000, 0x00000000a2500000|  0%| F|  |TAMS 0x00000000a2400000, 0x00000000a2400000| Untracked 
|  37|0x00000000a2500000, 0x00000000a2500000, 0x00000000a2600000|  0%| F|  |TAMS 0x00000000a2500000, 0x00000000a2500000| Untracked 
|  38|0x00000000a2600000, 0x00000000a2600000, 0x00000000a2700000|  0%| F|  |TAMS 0x00000000a2600000, 0x00000000a2600000| Untracked 
|  39|0x00000000a2700000, 0x00000000a2700000, 0x00000000a2800000|  0%| F|  |TAMS 0x00000000a2700000, 0x00000000a2700000| Untracked 
|  40|0x00000000a2800000, 0x00000000a2800000, 0x00000000a2900000|  0%| F|  |TAMS 0x00000000a2800000, 0x00000000a2800000| Untracked 
|  41|0x00000000a2900000, 0x00000000a2900000, 0x00000000a2a00000|  0%| F|  |TAMS 0x00000000a2900000, 0x00000000a2900000| Untracked 
|  42|0x00000000a2a00000, 0x00000000a2a00000, 0x00000000a2b00000|  0%| F|  |TAMS 0x00000000a2a00000, 0x00000000a2a00000| Untracked 
|  43|0x00000000a2b00000, 0x00000000a2b00000, 0x00000000a2c00000|  0%| F|  |TAMS 0x00000000a2b00000, 0x00000000a2b00000| Untracked 
|  44|0x00000000a2c00000, 0x00000000a2c00000, 0x00000000a2d00000|  0%| F|  |TAMS 0x00000000a2c00000, 0x00000000a2c00000| Untracked 
|  45|0x00000000a2d00000, 0x00000000a2d00000, 0x00000000a2e00000|  0%| F|  |TAMS 0x00000000a2d00000, 0x00000000a2d00000| Untracked 
|  46|0x00000000a2e00000, 0x00000000a2e00000, 0x00000000a2f00000|  0%| F|  |TAMS 0x00000000a2e00000, 0x00000000a2e00000| Untracked 
|  47|0x00000000a2f00000, 0x00000000a2f00000, 0x00000000a3000000|  0%| F|  |TAMS 0x00000000a2f00000, 0x00000000a2f00000| Untracked 
|  48|0x00000000a3000000, 0x00000000a3000000, 0x00000000a3100000|  0%| F|  |TAMS 0x00000000a3000000, 0x00000000a3000000| Untracked 
|  49|0x00000000a3100000, 0x00000000a3100000, 0x00000000a3200000|  0%| F|  |TAMS 0x00000000a3100000, 0x00000000a3100000| Untracked 
|  50|0x00000000a3200000, 0x00000000a3200000, 0x00000000a3300000|  0%| F|  |TAMS 0x00000000a3200000, 0x00000000a3200000| Untracked 
|  51|0x00000000a3300000, 0x00000000a3300000, 0x00000000a3400000|  0%| F|  |TAMS 0x00000000a3300000, 0x00000000a3300000| Untracked 
|  52|0x00000000a3400000, 0x00000000a3400000, 0x00000000a3500000|  0%| F|  |TAMS 0x00000000a3400000, 0x00000000a3400000| Untracked 
|  53|0x00000000a3500000, 0x00000000a3500000, 0x00000000a3600000|  0%| F|  |TAMS 0x00000000a3500000, 0x00000000a3500000| Untracked 
|  54|0x00000000a3600000, 0x00000000a3600000, 0x00000000a3700000|  0%| F|  |TAMS 0x00000000a3600000, 0x00000000a3600000| Untracked 
|  55|0x00000000a3700000, 0x00000000a3700000, 0x00000000a3800000|  0%| F|  |TAMS 0x00000000a3700000, 0x00000000a3700000| Untracked 
|  56|0x00000000a3800000, 0x00000000a3800000, 0x00000000a3900000|  0%| F|  |TAMS 0x00000000a3800000, 0x00000000a3800000| Untracked 
|  57|0x00000000a3900000, 0x00000000a3900000, 0x00000000a3a00000|  0%| F|  |TAMS 0x00000000a3900000, 0x00000000a3900000| Untracked 
|  58|0x00000000a3a00000, 0x00000000a3a00000, 0x00000000a3b00000|  0%| F|  |TAMS 0x00000000a3a00000, 0x00000000a3a00000| Untracked 
|  59|0x00000000a3b00000, 0x00000000a3b00000, 0x00000000a3c00000|  0%| F|  |TAMS 0x00000000a3b00000, 0x00000000a3b00000| Untracked 
|  60|0x00000000a3c00000, 0x00000000a3c00000, 0x00000000a3d00000|  0%| F|  |TAMS 0x00000000a3c00000, 0x00000000a3c00000| Untracked 
|  61|0x00000000a3d00000, 0x00000000a3d00000, 0x00000000a3e00000|  0%| F|  |TAMS 0x00000000a3d00000, 0x00000000a3d00000| Untracked 
|  62|0x00000000a3e00000, 0x00000000a3e00000, 0x00000000a3f00000|  0%| F|  |TAMS 0x00000000a3e00000, 0x00000000a3e00000| Untracked 
|  63|0x00000000a3f00000, 0x00000000a3f00000, 0x00000000a4000000|  0%| F|  |TAMS 0x00000000a3f00000, 0x00000000a3f00000| Untracked 
|  64|0x00000000a4000000, 0x00000000a4000000, 0x00000000a4100000|  0%| F|  |TAMS 0x00000000a4000000, 0x00000000a4000000| Untracked 
|  65|0x00000000a4100000, 0x00000000a4100000, 0x00000000a4200000|  0%| F|  |TAMS 0x00000000a4100000, 0x00000000a4100000| Untracked 
|  66|0x00000000a4200000, 0x00000000a4200000, 0x00000000a4300000|  0%| F|  |TAMS 0x00000000a4200000, 0x00000000a4200000| Untracked 
|  67|0x00000000a4300000, 0x00000000a4300000, 0x00000000a4400000|  0%| F|  |TAMS 0x00000000a4300000, 0x00000000a4300000| Untracked 
|  68|0x00000000a4400000, 0x00000000a4400000, 0x00000000a4500000|  0%| F|  |TAMS 0x00000000a4400000, 0x00000000a4400000| Untracked 
|  69|0x00000000a4500000, 0x00000000a4500000, 0x00000000a4600000|  0%| F|  |TAMS 0x00000000a4500000, 0x00000000a4500000| Untracked 
|  70|0x00000000a4600000, 0x00000000a4600000, 0x00000000a4700000|  0%| F|  |TAMS 0x00000000a4600000, 0x00000000a4600000| Untracked 
|  71|0x00000000a4700000, 0x00000000a4700000, 0x00000000a4800000|  0%| F|  |TAMS 0x00000000a4700000, 0x00000000a4700000| Untracked 
|  72|0x00000000a4800000, 0x00000000a4800000, 0x00000000a4900000|  0%| F|  |TAMS 0x00000000a4800000, 0x00000000a4800000| Untracked 
|  73|0x00000000a4900000, 0x00000000a4900000, 0x00000000a4a00000|  0%| F|  |TAMS 0x00000000a4900000, 0x00000000a4900000| Untracked 
|  74|0x00000000a4a00000, 0x00000000a4a00000, 0x00000000a4b00000|  0%| F|  |TAMS 0x00000000a4a00000, 0x00000000a4a00000| Untracked 
|  75|0x00000000a4b00000, 0x00000000a4b00000, 0x00000000a4c00000|  0%| F|  |TAMS 0x00000000a4b00000, 0x00000000a4b00000| Untracked 
|  76|0x00000000a4c00000, 0x00000000a4c00000, 0x00000000a4d00000|  0%| F|  |TAMS 0x00000000a4c00000, 0x00000000a4c00000| Untracked 
|  77|0x00000000a4d00000, 0x00000000a4d00000, 0x00000000a4e00000|  0%| F|  |TAMS 0x00000000a4d00000, 0x00000000a4d00000| Untracked 
|  78|0x00000000a4e00000, 0x00000000a4e00000, 0x00000000a4f00000|  0%| F|  |TAMS 0x00000000a4e00000, 0x00000000a4e00000| Untracked 
|  79|0x00000000a4f00000, 0x00000000a4f00000, 0x00000000a5000000|  0%| F|  |TAMS 0x00000000a4f00000, 0x00000000a4f00000| Untracked 
|  80|0x00000000a5000000, 0x00000000a5000000, 0x00000000a5100000|  0%| F|  |TAMS 0x00000000a5000000, 0x00000000a5000000| Untracked 
|  81|0x00000000a5100000, 0x00000000a5100000, 0x00000000a5200000|  0%| F|  |TAMS 0x00000000a5100000, 0x00000000a5100000| Untracked 
|  82|0x00000000a5200000, 0x00000000a5200000, 0x00000000a5300000|  0%| F|  |TAMS 0x00000000a5200000, 0x00000000a5200000| Untracked 
|  83|0x00000000a5300000, 0x00000000a5300000, 0x00000000a5400000|  0%| F|  |TAMS 0x00000000a5300000, 0x00000000a5300000| Untracked 
|  84|0x00000000a5400000, 0x00000000a5400000, 0x00000000a5500000|  0%| F|  |TAMS 0x00000000a5400000, 0x00000000a5400000| Untracked 
|  85|0x00000000a5500000, 0x00000000a5500000, 0x00000000a5600000|  0%| F|  |TAMS 0x00000000a5500000, 0x00000000a5500000| Untracked 
|  86|0x00000000a5600000, 0x00000000a5600000, 0x00000000a5700000|  0%| F|  |TAMS 0x00000000a5600000, 0x00000000a5600000| Untracked 
|  87|0x00000000a5700000, 0x00000000a5700000, 0x00000000a5800000|  0%| F|  |TAMS 0x00000000a5700000, 0x00000000a5700000| Untracked 
|  88|0x00000000a5800000, 0x00000000a5900000, 0x00000000a5900000|100%| S|CS|TAMS 0x00000000a5800000, 0x00000000a5800000| Complete 
|  89|0x00000000a5900000, 0x00000000a5a00000, 0x00000000a5a00000|100%| E|  |TAMS 0x00000000a5900000, 0x00000000a5900000| Complete 
|  90|0x00000000a5a00000, 0x00000000a5b00000, 0x00000000a5b00000|100%| E|CS|TAMS 0x00000000a5a00000, 0x00000000a5a00000| Complete 
|  91|0x00000000a5b00000, 0x00000000a5c00000, 0x00000000a5c00000|100%| E|CS|TAMS 0x00000000a5b00000, 0x00000000a5b00000| Complete 
|  92|0x00000000a5c00000, 0x00000000a5d00000, 0x00000000a5d00000|100%| E|CS|TAMS 0x00000000a5c00000, 0x00000000a5c00000| Complete 
|  93|0x00000000a5d00000, 0x00000000a5e00000, 0x00000000a5e00000|100%| E|CS|TAMS 0x00000000a5d00000, 0x00000000a5d00000| Complete 
|  94|0x00000000a5e00000, 0x00000000a5f00000, 0x00000000a5f00000|100%| E|CS|TAMS 0x00000000a5e00000, 0x00000000a5e00000| Complete 
|  95|0x00000000a5f00000, 0x00000000a6000000, 0x00000000a6000000|100%| E|CS|TAMS 0x00000000a5f00000, 0x00000000a5f00000| Complete 

Card table byte_map: [0x000000001a330000,0x000000001a630000] _byte_map_base: 0x0000000019e30000

Marking Bits (Prev, Next): (CMBitMap*) 0x0000000000384d48, (CMBitMap*) 0x0000000000384d88
 Prev Bits: [0x000000001a930000, 0x000000001c130000)
 Next Bits: [0x000000001c130000, 0x000000001d930000)

Polling page: 0x0000000000140000

Metaspace:

Usage:
  Non-class:      5.30 MB capacity,     2.75 MB ( 52%) used,     2.53 MB ( 48%) free+waste,    19.81 KB ( <1%) overhead. 
      Class:    684.00 KB capacity,   375.44 KB ( 55%) used,   297.75 KB ( 44%) free+waste,    10.81 KB (  2%) overhead. 
       Both:      5.97 MB capacity,     3.11 MB ( 52%) used,     2.82 MB ( 47%) free+waste,    30.63 KB ( <1%) overhead. 

Virtual space:
  Non-class space:        8.00 MB reserved,       5.50 MB ( 69%) committed 
      Class space:        1.00 GB reserved,     768.00 KB ( <1%) committed 
             Both:        1.01 GB reserved,       6.25 MB ( <1%) committed 

Chunk freelists:
   Non-Class:  1.75 KB
       Class:  0 bytes
        Both:  1.75 KB

CodeHeap 'non-profiled nmethods': size=120064Kb used=251Kb max_used=251Kb free=119812Kb
 bounds [0x00000000128d0000, 0x0000000012b40000, 0x0000000019e10000]
CodeHeap 'profiled nmethods': size=120000Kb used=1185Kb max_used=1185Kb free=118814Kb
 bounds [0x000000000b3a0000, 0x000000000b610000, 0x00000000128d0000]
CodeHeap 'non-nmethods': size=5696Kb used=1120Kb max_used=1133Kb free=4575Kb
 bounds [0x000000000ae10000, 0x000000000b080000, 0x000000000b3a0000]
 total_blobs=1366 nmethods=770 adapters=337
 compilation: enabled
              stopped_count=0, restarted_count=0
 full_count=0

Compilation events (10 events):
Event: 0.349 Thread 0x0000000020b3e000 nmethod 765 0x000000000b4c4990 code [0x000000000b4c4ba0, 0x000000000b4c50d0]
Event: 0.349 Thread 0x0000000020b3e000  761       3       java.lang.String::concat (115 bytes)
Event: 0.349 Thread 0x0000000020b3e000 nmethod 761 0x000000000b4c5310 code [0x000000000b4c55c0, 0x000000000b4c6310]
Event: 0.350 Thread 0x0000000020acf000 nmethod 744 0x000000001290d790 code [0x000000001290d960, 0x000000001290df98]
Event: 0.350 Thread 0x0000000020acf000  763       4       java.lang.StringBuilder::append (8 bytes)
Event: 0.350 Thread 0x0000000020b3e000  769       3       java.util.concurrent.locks.AbstractQueuedSynchronizer::compareAndSetState (10 bytes)
Event: 0.350 Thread 0x0000000020b3e000 nmethod 769 0x000000000b4c6790 code [0x000000000b4c69c0, 0x000000000b4c70c0]
Event: 0.351 Thread 0x0000000020b3e000  770       3       java.util.concurrent.ConcurrentHashMap$Traverser::advance (188 bytes)
Event: 0.351 Thread 0x0000000020b3e000 nmethod 770 0x000000000b4c7310 code [0x000000000b4c7580, 0x000000000b4c8440]
Event: 0.354 Thread 0x0000000020acf000 nmethod 763 0x000000001290e290 code [0x000000001290e440, 0x000000001290ea78]

GC Heap History (2 events):
Event: 0.173 GC heap before
{Heap before GC invocations=0 (full 0):
 garbage-first heap   total 98304K, used 6144K [0x00000000a0000000, 0x0000000100000000)
  region size 1024K, 7 young (7168K), 0 survivors (0K)
 Metaspace       used 1128K, capacity 4806K, committed 4864K, reserved 1056768K
  class space    used 124K, capacity 476K, committed 512K, reserved 1048576K
}
Event: 0.176 GC heap after
{Heap after GC invocations=1 (full 0):
 garbage-first heap   total 98304K, used 1353K [0x00000000a0000000, 0x0000000100000000)
  region size 1024K, 1 young (1024K), 1 survivors (1024K)
 Metaspace       used 1128K, capacity 4806K, committed 4864K, reserved 1056768K
  class space    used 124K, capacity 476K, committed 512K, reserved 1048576K
}

Deoptimization events (5 events):
Event: 0.110 Thread 0x000000000034b000 Uncommon trap: reason=unstable_if action=reinterpret pc=0x00000000128dc5b0 method=java.lang.CharacterDataLatin1.isJavaIdentifierPart(I)Z @ 11 c2
Event: 0.154 Thread 0x000000000034b000 Uncommon trap: reason=unstable_if action=reinterpret pc=0x00000000128d4fa0 method=java.lang.String.isLatin1()Z @ 10 c2
Event: 0.154 Thread 0x000000000034b000 Uncommon trap: reason=unstable_if action=reinterpret pc=0x00000000128e5328 method=java.lang.String.substring(II)Ljava/lang/String; @ 22 c2
Event: 0.282 Thread 0x0000000021e50000 Uncommon trap: reason=unstable_if action=reinterpret pc=0x00000000128e1f28 method=java.lang.String.isEmpty()Z @ 5 c2
Event: 0.288 Thread 0x0000000021e50000 Uncommon trap: reason=unstable_if action=reinterpret pc=0x0000000012906ee0 method=java.lang.String.startsWith(Ljava/lang/String;I)Z @ 1 c2

Classes redefined (0 events):
No events

Internal exceptions (7 events):
Event: 0.101 Thread 0x000000000034b000 Exception <a 'java/lang/NoSuchMethodError'{0x00000000a5ea6400}: java.lang.invoke.DirectMethodHandle$Holder.invokeSpecialIFC(Ljava/lang/Object;Ljava/lang/Object;I)I> (0x00000000a5ea6400) thrown at [c:/cygwin64/tmp/openjdk-jdk12u-windows-x64-hotspot/workspa
Event: 0.199 Thread 0x000000000034b000 Exception <a 'java/lang/NoSuchMethodError'{0x00000000a5fe2228}: java.lang.invoke.DirectMethodHandle$Holder.invokeStatic(Ljava/lang/Object;Ljava/lang/Object;Ljava/lang/Object;Ljava/lang/Object;Ljava/lang/Object;Ljava/lang/Object;Ljava/lang/Object;J)Ljava/l
Event: 0.202 Thread 0x000000000034b000 Exception <a 'java/lang/NoSuchMethodError'{0x00000000a5ffade0}: java.lang.invoke.DirectMethodHandle$Holder.invokeStatic(Ljava/lang/Object;Ljava/lang/Object;Ljava/lang/Object;Ljava/lang/Object;Ljava/lang/Object;Ljava/lang/Object;Ljava/lang/Object;JLjava/la
Event: 0.307 Thread 0x000000000034b000 Exception <a 'java/lang/NoSuchMethodError'{0x00000000a5c5c6e8}: java.lang.invoke.DirectMethodHandle$Holder.invokeStaticInit(Ljava/lang/Object;Ljava/lang/Object;Ljava/lang/Object;)I> (0x00000000a5c5c6e8) thrown at [c:/cygwin64/tmp/openjdk-jdk12u-windows-x6
Event: 0.308 Thread 0x000000000034b000 Exception <a 'java/lang/NoSuchMethodError'{0x00000000a5c67830}: java.lang.invoke.DirectMethodHandle$Holder.invokeSpecial(Ljava/lang/Object;Ljava/lang/Object;)V> (0x00000000a5c67830) thrown at [c:/cygwin64/tmp/openjdk-jdk12u-windows-x64-hotspot/workspace/b
Event: 0.329 Thread 0x000000000034b000 Exception <a 'java/lang/NoSuchMethodError'{0x00000000a5a1dd88}: java.lang.invoke.DirectMethodHandle$Holder.invokeStatic(Ljava/lang/Object;Ljava/lang/Object;ILjava/lang/Object;)Ljava/lang/Object;> (0x00000000a5a1dd88) thrown at [c:/cygwin64/tmp/openjdk-jdk
Event: 0.340 Thread 0x000000000034b000 Exception <a 'java/lang/NoSuchMethodError'{0x00000000a5a24048}: java.lang.invoke.Invokers$Holder.linkToTargetMethod(Ljava/lang/Object;ILjava/lang/Object;Ljava/lang/Object;)Ljava/lang/Object;> (0x00000000a5a24048) thrown at [c:/cygwin64/tmp/openjdk-jdk12u-

Events (10 events):
Event: 0.346 Executing VM operation: RevokeBias
Event: 0.346 Executing VM operation: RevokeBias done
Event: 0.347 Executing VM operation: RevokeBias
Event: 0.347 Executing VM operation: RevokeBias done
Event: 0.349 Executing VM operation: RevokeBias
Event: 0.349 Executing VM operation: RevokeBias done
Event: 0.350 Executing VM operation: RevokeBias
Event: 0.350 Executing VM operation: RevokeBias done
Event: 0.350 Executing VM operation: RevokeBias
Event: 0.350 Executing VM operation: RevokeBias done


Dynamic libraries:
0x000000013f1c0000 - 0x000000013f1cd000 	C:\Program Files\AdoptOpenJDK\jdk-12.0.2.10-hotspot\bin\java.exe
0x0000000076e20000 - 0x0000000076fbf000 	C:\Windows\SYSTEM32\ntdll.dll
0x0000000076d00000 - 0x0000000076e1f000 	C:\Windows\system32\kernel32.dll
0x000007fefcca0000 - 0x000007fefcd07000 	C:\Windows\system32\KERNELBASE.dll
0x000007fef2880000 - 0x000007fef2897000 	C:\Program Files\AdoptOpenJDK\jdk-12.0.2.10-hotspot\bin\jli.dll
0x000007fefb040000 - 0x000007fefb235000 	C:\Windows\WinSxS\amd64_microsoft.windows.common-controls_6595b64144ccf1df_6.0.7601.24483_none_e372d88f30fbb845\COMCTL32.dll
0x000007fefd0f0000 - 0x000007fefd18f000 	C:\Windows\system32\msvcrt.dll
0x000007fefefc0000 - 0x000007feff027000 	C:\Windows\system32\GDI32.dll
0x0000000076c00000 - 0x0000000076cfa000 	C:\Windows\system32\USER32.dll
0x000007fefd0e0000 - 0x000007fefd0ee000 	C:\Windows\system32\LPK.dll
0x000007fefec10000 - 0x000007fefecdb000 	C:\Windows\system32\USP10.dll
0x000007fefcd60000 - 0x000007fefcdd1000 	C:\Windows\system32\SHLWAPI.dll
0x000007feefcb0000 - 0x000007feefcc6000 	C:\Program Files\AdoptOpenJDK\jdk-12.0.2.10-hotspot\bin\VCRUNTIME140.dll
0x000007fef28d0000 - 0x000007fef28d4000 	C:\Program Files\AdoptOpenJDK\jdk-12.0.2.10-hotspot\bin\api-ms-win-crt-runtime-l1-1-0.dll
0x000007feefb60000 - 0x000007feefc5a000 	C:\Program Files\AdoptOpenJDK\jdk-12.0.2.10-hotspot\bin\ucrtbase.DLL
0x000007fef6780000 - 0x000007fef6783000 	C:\Program Files\AdoptOpenJDK\jdk-12.0.2.10-hotspot\bin\api-ms-win-core-localization-l1-2-0.dll
0x000007fefae10000 - 0x000007fefae13000 	C:\Program Files\AdoptOpenJDK\jdk-12.0.2.10-hotspot\bin\api-ms-win-core-processthreads-l1-1-1.dll
0x000007fef6770000 - 0x000007fef6773000 	C:\Program Files\AdoptOpenJDK\jdk-12.0.2.10-hotspot\bin\api-ms-win-core-file-l1-2-0.dll
0x000007fef6250000 - 0x000007fef6253000 	C:\Program Files\AdoptOpenJDK\jdk-12.0.2.10-hotspot\bin\api-ms-win-core-timezone-l1-1-0.dll
0x000007fef3900000 - 0x000007fef3903000 	C:\Program Files\AdoptOpenJDK\jdk-12.0.2.10-hotspot\bin\api-ms-win-core-file-l2-1-0.dll
0x000007fef38e0000 - 0x000007fef38e3000 	C:\Program Files\AdoptOpenJDK\jdk-12.0.2.10-hotspot\bin\api-ms-win-core-synch-l1-2-0.dll
0x000007fef04d0000 - 0x000007fef04d4000 	C:\Program Files\AdoptOpenJDK\jdk-12.0.2.10-hotspot\bin\api-ms-win-crt-string-l1-1-0.dll
0x000007fef0500000 - 0x000007fef0503000 	C:\Program Files\AdoptOpenJDK\jdk-12.0.2.10-hotspot\bin\api-ms-win-crt-heap-l1-1-0.dll
0x000007feefca0000 - 0x000007feefca4000 	C:\Program Files\AdoptOpenJDK\jdk-12.0.2.10-hotspot\bin\api-ms-win-crt-stdio-l1-1-0.dll
0x000007feefc90000 - 0x000007feefc94000 	C:\Program Files\AdoptOpenJDK\jdk-12.0.2.10-hotspot\bin\api-ms-win-crt-convert-l1-1-0.dll
0x000007feefac0000 - 0x000007feefac3000 	C:\Program Files\AdoptOpenJDK\jdk-12.0.2.10-hotspot\bin\api-ms-win-crt-environment-l1-1-0.dll
0x000007feefa90000 - 0x000007feefa93000 	C:\Program Files\AdoptOpenJDK\jdk-12.0.2.10-hotspot\bin\api-ms-win-crt-filesystem-l1-1-0.dll
0x000007feefaa0000 - 0x000007feefaa5000 	C:\Program Files\AdoptOpenJDK\jdk-12.0.2.10-hotspot\bin\api-ms-win-crt-math-l1-1-0.dll
0x000007feef490000 - 0x000007feef493000 	C:\Program Files\AdoptOpenJDK\jdk-12.0.2.10-hotspot\bin\api-ms-win-crt-locale-l1-1-0.dll
0x000007fefe530000 - 0x000007fefe55e000 	C:\Windows\system32\IMM32.DLL
0x000007fefd190000 - 0x000007fefd29b000 	C:\Windows\system32\MSCTF.dll
0x000007feef640000 - 0x000007feef6db000 	C:\Program Files\AdoptOpenJDK\jdk-12.0.2.10-hotspot\bin\msvcp140.dll
0x000007feefa80000 - 0x000007feefa83000 	C:\Program Files\AdoptOpenJDK\jdk-12.0.2.10-hotspot\bin\api-ms-win-crt-time-l1-1-0.dll
0x000007feefab0000 - 0x000007feefab3000 	C:\Program Files\AdoptOpenJDK\jdk-12.0.2.10-hotspot\bin\api-ms-win-crt-utility-l1-1-0.dll
0x000007fee3c40000 - 0x000007fee47ed000 	C:\Program Files\AdoptOpenJDK\jdk-12.0.2.10-hotspot\bin\server\jvm.dll
0x000007fefece0000 - 0x000007fefedbb000 	C:\Windows\system32\ADVAPI32.dll
0x000007fefcd30000 - 0x000007fefcd4f000 	C:\Windows\SYSTEM32\sechost.dll
0x000007fefcee0000 - 0x000007fefd00c000 	C:\Windows\system32\RPCRT4.dll
0x000007fef4a40000 - 0x000007fef4a49000 	C:\Windows\system32\WSOCK32.dll
0x000007fefd010000 - 0x000007fefd05d000 	C:\Windows\system32\WS2_32.dll
0x000007fefcd50000 - 0x000007fefcd58000 	C:\Windows\system32\NSI.dll
0x000007fef9000000 - 0x000007fef903b000 	C:\Windows\system32\WINMM.dll
0x000007fefbc70000 - 0x000007fefbc7c000 	C:\Windows\system32\VERSION.dll
0x0000000076fd0000 - 0x0000000076fd7000 	C:\Windows\system32\PSAPI.DLL
0x000007feefa00000 - 0x000007feefa10000 	C:\Program Files\AdoptOpenJDK\jdk-12.0.2.10-hotspot\bin\verify.dll
0x000007fef1310000 - 0x000007fef1435000 	C:\Windows\system32\DBGHELP.DLL
0x000007feefa10000 - 0x000007feefa36000 	C:\Program Files\AdoptOpenJDK\jdk-12.0.2.10-hotspot\bin\java.dll
0x000007feef9e0000 - 0x000007feef9f7000 	C:\Program Files\AdoptOpenJDK\jdk-12.0.2.10-hotspot\bin\zip.dll
0x000007feef9d0000 - 0x000007feef9da000 	C:\Program Files\AdoptOpenJDK\jdk-12.0.2.10-hotspot\bin\jimage.dll
0x000007fefd570000 - 0x000007fefe2fb000 	C:\Windows\system32\SHELL32.dll
0x000007fefe560000 - 0x000007fefe75f000 	C:\Windows\system32\ole32.dll
0x000007fefc980000 - 0x000007fefc98f000 	C:\Windows\system32\profapi.dll
0x000007feef9b0000 - 0x000007feef9c9000 	C:\Program Files\AdoptOpenJDK\jdk-12.0.2.10-hotspot\bin\net.dll
0x000007fef8c20000 - 0x000007fef8c91000 	C:\Windows\system32\WINHTTP.dll
0x000007fef8b60000 - 0x000007fef8bc5000 	C:\Windows\system32\webio.dll
0x000007fefe300000 - 0x000007fefe48a000 	C:\Windows\system32\urlmon.dll
0x000007fefcd10000 - 0x000007fefcd14000 	C:\Windows\system32\api-ms-win-downlevel-ole32-l1-1-0.dll
0x000007fefcd20000 - 0x000007fefcd24000 	C:\Windows\system32\api-ms-win-downlevel-shlwapi-l1-1-0.dll
0x000007fefcc50000 - 0x000007fefcc55000 	C:\Windows\system32\api-ms-win-downlevel-advapi32-l1-1-0.dll
0x000007fefcc60000 - 0x000007fefcc64000 	C:\Windows\system32\api-ms-win-downlevel-user32-l1-1-0.dll
0x000007fefcc70000 - 0x000007fefcc74000 	C:\Windows\system32\api-ms-win-downlevel-version-l1-1-0.dll
0x000007fefc990000 - 0x000007fefc993000 	C:\Windows\system32\api-ms-win-downlevel-normaliz-l1-1-0.dll
0x0000000076fc0000 - 0x0000000076fc3000 	C:\Windows\system32\normaliz.DLL
0x000007fefd2a0000 - 0x000007fefd56c000 	C:\Windows\system32\iertutil.dll
0x000007fefe760000 - 0x000007fefec0c000 	C:\Windows\system32\WININET.dll
0x000007fefca20000 - 0x000007fefca3f000 	C:\Windows\system32\USERENV.dll
0x000007fefc060000 - 0x000007fefc0b5000 	C:\Windows\system32\mswsock.dll
0x000007fefc330000 - 0x000007fefc337000 	C:\Windows\System32\wship6.dll
0x000007feef990000 - 0x000007feef9a3000 	C:\Program Files\AdoptOpenJDK\jdk-12.0.2.10-hotspot\bin\nio.dll
0x000007fef2860000 - 0x000007fef2863000 	C:\Program Files\AdoptOpenJDK\jdk-12.0.2.10-hotspot\bin\api-ms-win-core-console-l1-1-0.dll
0x000007fef2870000 - 0x000007fef2873000 	C:\Program Files\AdoptOpenJDK\jdk-12.0.2.10-hotspot\bin\api-ms-win-core-datetime-l1-1-0.dll
0x000007fef2840000 - 0x000007fef2843000 	C:\Program Files\AdoptOpenJDK\jdk-12.0.2.10-hotspot\bin\api-ms-win-core-debug-l1-1-0.dll
0x000007fef2850000 - 0x000007fef2853000 	C:\Program Files\AdoptOpenJDK\jdk-12.0.2.10-hotspot\bin\api-ms-win-core-errorhandling-l1-1-0.dll
0x000007fef1810000 - 0x000007fef1814000 	C:\Program Files\AdoptOpenJDK\jdk-12.0.2.10-hotspot\bin\api-ms-win-core-file-l1-1-0.dll
0x000007fef1820000 - 0x000007fef1823000 	C:\Program Files\AdoptOpenJDK\jdk-12.0.2.10-hotspot\bin\api-ms-win-core-handle-l1-1-0.dll
0x000007fef17f0000 - 0x000007fef17f3000 	C:\Program Files\AdoptOpenJDK\jdk-12.0.2.10-hotspot\bin\api-ms-win-core-heap-l1-1-0.dll
0x000007fef1800000 - 0x000007fef1803000 	C:\Program Files\AdoptOpenJDK\jdk-12.0.2.10-hotspot\bin\api-ms-win-core-interlocked-l1-1-0.dll
0x000007fef17d0000 - 0x000007fef17d3000 	C:\Program Files\AdoptOpenJDK\jdk-12.0.2.10-hotspot\bin\api-ms-win-core-libraryloader-l1-1-0.dll
0x000007fef17e0000 - 0x000007fef17e3000 	C:\Program Files\AdoptOpenJDK\jdk-12.0.2.10-hotspot\bin\api-ms-win-core-memory-l1-1-0.dll
0x000007fef0f90000 - 0x000007fef0f93000 	C:\Program Files\AdoptOpenJDK\jdk-12.0.2.10-hotspot\bin\api-ms-win-core-namedpipe-l1-1-0.dll
0x000007fef0fa0000 - 0x000007fef0fa3000 	C:\Program Files\AdoptOpenJDK\jdk-12.0.2.10-hotspot\bin\api-ms-win-core-processenvironment-l1-1-0.dll
0x000007fef0f70000 - 0x000007fef0f73000 	C:\Program Files\AdoptOpenJDK\jdk-12.0.2.10-hotspot\bin\api-ms-win-core-processthreads-l1-1-0.dll
0x000007fef0f80000 - 0x000007fef0f83000 	C:\Program Files\AdoptOpenJDK\jdk-12.0.2.10-hotspot\bin\api-ms-win-core-profile-l1-1-0.dll
0x000007fef0ce0000 - 0x000007fef0ce3000 	C:\Program Files\AdoptOpenJDK\jdk-12.0.2.10-hotspot\bin\api-ms-win-core-rtlsupport-l1-1-0.dll
0x000007fef0cf0000 - 0x000007fef0cf3000 	C:\Program Files\AdoptOpenJDK\jdk-12.0.2.10-hotspot\bin\api-ms-win-core-string-l1-1-0.dll
0x000007fef0b80000 - 0x000007fef0b83000 	C:\Program Files\AdoptOpenJDK\jdk-12.0.2.10-hotspot\bin\api-ms-win-core-synch-l1-1-0.dll
0x000007fef0cd0000 - 0x000007fef0cd3000 	C:\Program Files\AdoptOpenJDK\jdk-12.0.2.10-hotspot\bin\api-ms-win-core-sysinfo-l1-1-0.dll
0x000007fef0150000 - 0x000007fef0153000 	C:\Program Files\AdoptOpenJDK\jdk-12.0.2.10-hotspot\bin\api-ms-win-core-util-l1-1-0.dll
0x000007fef0b70000 - 0x000007fef0b73000 	C:\Program Files\AdoptOpenJDK\jdk-12.0.2.10-hotspot\bin\api-ms-win-crt-conio-l1-1-0.dll
0x000007fef0130000 - 0x000007fef0135000 	C:\Program Files\AdoptOpenJDK\jdk-12.0.2.10-hotspot\bin\api-ms-win-crt-multibyte-l1-1-0.dll
0x000007fef0140000 - 0x000007fef0150000 	C:\Program Files\AdoptOpenJDK\jdk-12.0.2.10-hotspot\bin\api-ms-win-crt-private-l1-1-0.dll
0x000007fef0110000 - 0x000007fef0113000 	C:\Program Files\AdoptOpenJDK\jdk-12.0.2.10-hotspot\bin\api-ms-win-crt-process-l1-1-0.dll
0x000007feefda0000 - 0x000007feefdf1000 	C:\Windows\System32\concrt140.dll
0x000007feefd70000 - 0x000007feefd93000 	C:\Users\V-Windows\.openjfx\cache\12.0.2\prism_d3d.dll
0x000007fee68b0000 - 0x000007fee6aaf000 	C:\Windows\system32\d3d9.dll
0x000007fef0120000 - 0x000007fef0127000 	C:\Windows\system32\d3d8thk.dll
0x000007fefa360000 - 0x000007fefa378000 	C:\Windows\system32\dwmapi.dll
0x000007fefabc0000 - 0x000007fefac16000 	C:\Windows\system32\uxtheme.dll
0x000007fef7a20000 - 0x000007fef7c5f000 	C:\Windows\system32\VBoxDispD3D.dll
0x000007fef72f0000 - 0x000007fef749f000 	C:\Windows\system32\VBoxSVGA.dll
0x000007fef7750000 - 0x000007fef787f000 	C:\Windows\system32\VBoxNine.dll
0x000007feefd20000 - 0x000007feefd65000 	C:\Users\V-Windows\.openjfx\cache\12.0.2\glass.dll
0x000007fefcde0000 - 0x000007fefce77000 	C:\Windows\system32\COMDLG32.dll
0x000007feff030000 - 0x000007feff10b000 	C:\Windows\system32\OLEAUT32.dll
0x000007fefc7d0000 - 0x000007fefc7df000 	C:\Windows\system32\CRYPTBASE.dll

dbghelp: loaded successfully - version: 4.0.5 - missing functions: none
symbol engine: initialized successfully - sym options: 0x614 - pdb path: .;C:\Program Files\AdoptOpenJDK\jdk-12.0.2.10-hotspot\bin;C:\Windows\SYSTEM32;C:\Windows\WinSxS\amd64_microsoft.windows.common-controls_6595b64144ccf1df_6.0.7601.24483_none_e372d88f30fbb845;C:\Program Files\AdoptOpenJDK\jdk-12.0.2.10-hotspot\bin\server;C:\Users\V-Windows\.openjfx\cache\12.0.2

VM Arguments:
jvm_args: --module-path=C:\Users\V-Windows\.m2\repository\org\openjfx\javafx-base\12.0.2\javafx-base-12.0.2-win.jar;C:\Users\V-Windows\.m2\repository\org\openjfx\javafx-base\12.0.2\javafx-base-12.0.2.jar;C:\Users\V-Windows\.m2\repository\org\openjfx\javafx-controls\12.0.2\javafx-controls-12.0.2-win.jar;C:\Users\V-Windows\.m2\repository\org\openjfx\javafx-controls\12.0.2\javafx-controls-12.0.2.jar;C:\Users\V-Windows\.m2\repository\org\openjfx\javafx-fxml\12.0.2\javafx-fxml-12.0.2-win.jar;C:\Users\V-Windows\.m2\repository\org\openjfx\javafx-fxml\12.0.2\javafx-fxml-12.0.2.jar;C:\Users\V-Windows\.m2\repository\org\openjfx\javafx-graphics\12.0.2\javafx-graphics-12.0.2-win.jar;C:\Users\V-Windows\.m2\repository\org\openjfx\javafx-graphics\12.0.2\javafx-graphics-12.0.2.jar --add-modules=javafx.base,javafx.controls,javafx.fxml,javafx.graphics 
java_command: com.m3u.M3UEditor
java_class_path (initial): C:\Users\V-Windows\Documents\NetBeansProjects\M3U-Editor-New\target\classes
Launcher Type: SUN_STANDARD

[Global flags]
     intx CICompilerCount                          = 2                                         {product} {ergonomic}
     uint ConcGCThreads                            = 1                                         {product} {ergonomic}
     uint G1ConcRefinementThreads                  = 2                                         {product} {ergonomic}
   size_t G1HeapRegionSize                         = 1048576                                   {product} {ergonomic}
    uintx GCDrainStackTargetSize                   = 64                                        {product} {ergonomic}
   size_t InitialHeapSize                          = 100663296                                 {product} {ergonomic}
   size_t MarkStackSize                            = 4194304                                   {product} {ergonomic}
   size_t MaxHeapSize                              = 1610612736                                {product} {ergonomic}
   size_t MaxNewSize                               = 965738496                                 {product} {ergonomic}
   size_t MinHeapDeltaBytes                        = 1048576                                   {product} {ergonomic}
    uintx NonNMethodCodeHeapSize                   = 5825164                                {pd product} {ergonomic}
    uintx NonProfiledCodeHeapSize                  = 122916538                              {pd product} {ergonomic}
    uintx ProfiledCodeHeapSize                     = 122916538                              {pd product} {ergonomic}
    uintx ReservedCodeCacheSize                    = 251658240                              {pd product} {ergonomic}
     bool SegmentedCodeCache                       = true                                      {product} {ergonomic}
     bool UseCompressedClassPointers               = true                                 {lp64_product} {ergonomic}
     bool UseCompressedOops                        = true                                 {lp64_product} {ergonomic}
     bool UseG1GC                                  = true                                      {product} {ergonomic}
     bool UseLargePagesIndividualAllocation        = false                                  {pd product} {ergonomic}

Logging:
Log output configuration:
 #0: stdout all=warning uptime,level,tags
 #1: stderr all=off uptime,level,tags

Environment Variables:
JAVA_HOME=C:\Program Files\AdoptOpenJDK\jdk-12.0.2.10-hotspot
JRE_HOME=C:\Program Files\AdoptOpenJDK\jdk-12.0.2.10-hotspot\
PATH=C:\Program Files\AdoptOpenJDK\jdk-12.0.2.10-hotspot\bin;C:\Windows\system32;C:\Windows;C:\Windows\System32\Wbem;C:\Windows\System32\WindowsPowerShell\v1.0\;C:\Program Files\Git\cmd
USERNAME=V-Windows
OS=Windows_NT
PROCESSOR_IDENTIFIER=Intel64 Family 6 Model 94 Stepping 3, GenuineIntel



---------------  S Y S T E M  ---------------

OS: Windows 7 , 64 bit Build 7601 (6.1.7601.24511)

CPU:total 2 (initial active 2) (2 cores per cpu, 1 threads per core) family 6 model 94 stepping 3, cmov, cx8, fxsr, mmx, sse, sse2, sse3, ssse3, sse4.1, sse4.2, popcnt, avx, avx2, aes, clmul, 3dnowpref, lzcnt, tsc, tscinvbit

Memory: 4k page, system-wide physical 6143M (2982M free)
TotalPageFile size 12285M (AvailPageFile size 8270M)
current process WorkingSet (physical memory assigned to process): 31M, peak: 50M
current process commit charge ("private bytes"): 174M, peak: 204M

vm_info: OpenJDK 64-Bit Server VM (12.0.2+10) for windows-amd64 JRE (12.0.2+10), built on Jul 18 2019 09:53:25 by "" with MS VC++ 15.8 (VS2017)

END.
