#
# A fatal error has been detected by the Java Runtime Environment:
#
#  Internal Error (c:/cygwin64/tmp/openjdk-jdk12u-windows-x64-hotspot/workspace/build/src/src/hotspot/os_cpu/windows_x86/os_windows_x86.cpp:145), pid=916, tid=3280
#  guarantee(result == EXCEPTION_CONTINUE_EXECUTION) failed: Unexpected result from topLevelExceptionFilter
#
# JRE version: OpenJDK Runtime Environment (12.0.2+10) (build 12.0.2+10)
# Java VM: OpenJDK 64-Bit Server VM (12.0.2+10, mixed mode, sharing, tiered, compressed oops, g1 gc, windows-amd64)
# No core dump will be written. Minidumps are not enabled by default on client versions of Windows
#
# If you would like to submit a bug report, please visit:
#   https://github.com/AdoptOpenJDK/openjdk-build/issues
# The crash happened outside the Java Virtual Machine in native code.
# See problematic frame for where to report the bug.
#

---------------  S U M M A R Y ------------

Command Line: --module-path=C:\Users\V-Windows\.m2\repository\org\openjfx\javafx-base\12.0.2\javafx-base-12.0.2-win.jar;C:\Users\V-Windows\.m2\repository\org\openjfx\javafx-base\12.0.2\javafx-base-12.0.2.jar;C:\Users\V-Windows\.m2\repository\org\openjfx\javafx-controls\12.0.2\javafx-controls-12.0.2-win.jar;C:\Users\V-Windows\.m2\repository\org\openjfx\javafx-controls\12.0.2\javafx-controls-12.0.2.jar;C:\Users\V-Windows\.m2\repository\org\openjfx\javafx-fxml\12.0.2\javafx-fxml-12.0.2-win.jar;C:\Users\V-Windows\.m2\repository\org\openjfx\javafx-fxml\12.0.2\javafx-fxml-12.0.2.jar;C:\Users\V-Windows\.m2\repository\org\openjfx\javafx-graphics\12.0.2\javafx-graphics-12.0.2-win.jar;C:\Users\V-Windows\.m2\repository\org\openjfx\javafx-graphics\12.0.2\javafx-graphics-12.0.2.jar --add-modules=javafx.base,javafx.controls,javafx.fxml,javafx.graphics com.m3u.M3UEditor

Host: Intel(R) Core(TM) i7-6700 CPU @ 3.40GHz, 2 cores, 5G,  Windows 7 , 64 bit Build 7601 (6.1.7601.24511)
Time: Fri Aug 30 01:27:42 2019 Mitteleuropäische Sommerzeit elapsed time: 0 seconds (0d 0h 0m 0s)

---------------  T H R E A D  ---------------

Current thread (0x0000000022170800):  JavaThread "QuantumRenderer-0" daemon [_thread_in_native, id=3280, stack(0x0000000021d20000,0x0000000021e20000)]

Stack: [0x0000000021d20000,0x0000000021e20000]
Native frames: (J=compiled Java code, j=interpreted, Vv=VM code, C=native code)
V  [jvm.dll+0x5f783a]
V  [jvm.dll+0x7a3d2e]
V  [jvm.dll+0x7a54a0]
V  [jvm.dll+0x7a5ab7]
V  [jvm.dll+0x24a26c]
V  [jvm.dll+0x5f750c]
C  [ntdll.dll+0x6bf7d]
C  [ntdll.dll+0x4043a]
C  [ntdll.dll+0x6b61e]
C  [VBoxSVGA.dll+0x17e9]

Java frames: (J=compiled Java code, j=interpreted, Vv=VM code)
j  com.sun.prism.d3d.D3DResourceFactory.nGetContext(I)J+0 javafx.graphics
j  com.sun.prism.d3d.D3DPipeline.createResourceFactory(ILcom/sun/glass/ui/Screen;)Lcom/sun/prism/d3d/D3DResourceFactory;+1 javafx.graphics
j  com.sun.prism.d3d.D3DPipeline.getD3DResourceFactory(ILcom/sun/glass/ui/Screen;)Lcom/sun/prism/d3d/D3DResourceFactory;+16 javafx.graphics
j  com.sun.prism.d3d.D3DPipeline.findDefaultResourceFactory(Ljava/util/List;)Lcom/sun/prism/d3d/D3DResourceFactory;+17 javafx.graphics
j  com.sun.prism.d3d.D3DPipeline.getDefaultResourceFactory(Ljava/util/List;)Lcom/sun/prism/ResourceFactory;+9 javafx.graphics
j  com.sun.prism.GraphicsPipeline.getDefaultResourceFactory()Lcom/sun/prism/ResourceFactory;+8 javafx.graphics
j  com.sun.javafx.tk.quantum.QuantumRenderer.lambda$createResourceFactory$2()V+0 javafx.graphics
j  com.sun.javafx.tk.quantum.QuantumRenderer$$Lambda$91.run()V+0 javafx.graphics
j  java.util.concurrent.Executors$RunnableAdapter.call()Ljava/lang/Object;+4 java.base@12.0.2
j  java.util.concurrent.FutureTask.runAndReset()Z+44 java.base@12.0.2
j  com.sun.javafx.tk.RenderJob.run()V+1 javafx.graphics
j  java.util.concurrent.ThreadPoolExecutor.runWorker(Ljava/util/concurrent/ThreadPoolExecutor$Worker;)V+92 java.base@12.0.2
j  java.util.concurrent.ThreadPoolExecutor$Worker.run()V+5 java.base@12.0.2
j  com.sun.javafx.tk.quantum.QuantumRenderer$PipelineRunnable.run()V+8 javafx.graphics
j  java.lang.Thread.run()V+11 java.base@12.0.2
v  ~StubRoutines::call_stub

---------------  P R O C E S S  ---------------

Threads class SMR info:
_java_thread_list=0x00000000221d1b90, length=13, elements={
0x000000000048b000, 0x0000000020c50800, 0x0000000020c53800, 0x0000000020c66000,
0x0000000020c6c000, 0x0000000020c6f800, 0x0000000020c78800, 0x0000000020c82000,
0x0000000020c40800, 0x000000002201a800, 0x0000000022170800, 0x00000000221cb800,
0x00000000221cd800
}

Java Threads: ( => current thread )
  0x000000000048b000 JavaThread "main" [_thread_blocked, id=4884, stack(0x0000000002310000,0x0000000002410000)]
  0x0000000020c50800 JavaThread "Reference Handler" daemon [_thread_blocked, id=7372, stack(0x0000000021100000,0x0000000021200000)]
  0x0000000020c53800 JavaThread "Finalizer" daemon [_thread_blocked, id=6276, stack(0x0000000020df0000,0x0000000020ef0000)]
  0x0000000020c66000 JavaThread "Signal Dispatcher" daemon [_thread_blocked, id=4204, stack(0x0000000021360000,0x0000000021460000)]
  0x0000000020c6c000 JavaThread "Attach Listener" daemon [_thread_blocked, id=4612, stack(0x0000000021490000,0x0000000021590000)]
  0x0000000020c6f800 JavaThread "C2 CompilerThread0" daemon [_thread_blocked, id=3108, stack(0x0000000021640000,0x0000000021740000)]
  0x0000000020c78800 JavaThread "C1 CompilerThread0" daemon [_thread_blocked, id=4852, stack(0x00000000218b0000,0x00000000219b0000)]
  0x0000000020c82000 JavaThread "Sweeper thread" daemon [_thread_blocked, id=296, stack(0x0000000021aa0000,0x0000000021ba0000)]
  0x0000000020c40800 JavaThread "Common-Cleaner" daemon [_thread_blocked, id=4144, stack(0x0000000021c10000,0x0000000021d10000)]
  0x000000002201a800 JavaThread "Service Thread" daemon [_thread_blocked, id=7156, stack(0x0000000021790000,0x0000000021890000)]
=>0x0000000022170800 JavaThread "QuantumRenderer-0" daemon [_thread_in_native, id=3280, stack(0x0000000021d20000,0x0000000021e20000)]
  0x00000000221cb800 JavaThread "InvokeLaterDispatcher" daemon [_thread_blocked, id=3944, stack(0x0000000022820000,0x0000000022920000)]
  0x00000000221cd800 JavaThread "JavaFX Application Thread" [_thread_blocked, id=7164, stack(0x0000000022b80000,0x0000000022c80000)]

Other Threads:
  0x0000000020c4e800 VMThread "VM Thread" [stack: 0x0000000020f70000,0x0000000021070000] [id=4184]
  0x0000000021fd3000 WatcherThread [stack: 0x00000000223d0000,0x00000000224d0000] [id=7160]
  0x00000000004c1800 GCTaskThread "GC Thread#0" [stack: 0x000000001db40000,0x000000001dc40000] [id=2976]
  0x0000000021fd9800 GCTaskThread "GC Thread#1" [stack: 0x00000000225e0000,0x00000000226e0000] [id=4656]
  0x00000000004cf000 ConcurrentGCThread "G1 Main Marker" [stack: 0x000000001dcd0000,0x000000001ddd0000] [id=5988]
  0x00000000004d0800 ConcurrentGCThread "G1 Conc#0" [stack: 0x000000001da40000,0x000000001db40000] [id=6568]
  0x0000000020000800 ConcurrentGCThread "G1 Refine#0" [stack: 0x00000000202c0000,0x00000000203c0000] [id=3792]
  0x0000000000527000 ConcurrentGCThread "G1 Young RemSet Sampling" [stack: 0x0000000020100000,0x0000000020200000] [id=3608]

Threads with active compile tasks:

VM state:not at safepoint (normal execution)

VM Mutex/Monitor currently owned by a thread: None

Heap address: 0x00000000a0000000, size: 1536 MB, Compressed Oops mode: 32-bit
Narrow klass base: 0x0000000800000000, Narrow klass shift: 3
Compressed class space size: 1073741824 Address: 0x00000008011a0000

Heap:
 garbage-first heap   total 98304K, used 7495K [0x00000000a0000000, 0x0000000100000000)
  region size 1024K, 8 young (8192K), 1 survivors (1024K)
 Metaspace       used 3184K, capacity 6110K, committed 6400K, reserved 1056768K
  class space    used 373K, capacity 684K, committed 768K, reserved 1048576K
Heap Regions: E=young(eden), S=young(survivor), O=old, HS=humongous(starts), HC=humongous(continues), CS=collection set, F=free, A=archive, TAMS=top-at-mark-start (previous, next)
|   0|0x00000000a0000000, 0x00000000a0051e00, 0x00000000a0100000| 31%| O|  |TAMS 0x00000000a0000000, 0x00000000a0000000| Untracked 
|   1|0x00000000a0100000, 0x00000000a0100000, 0x00000000a0200000|  0%| F|  |TAMS 0x00000000a0100000, 0x00000000a0100000| Untracked 
|   2|0x00000000a0200000, 0x00000000a0200000, 0x00000000a0300000|  0%| F|  |TAMS 0x00000000a0200000, 0x00000000a0200000| Untracked 
|   3|0x00000000a0300000, 0x00000000a0300000, 0x00000000a0400000|  0%| F|  |TAMS 0x00000000a0300000, 0x00000000a0300000| Untracked 
|   4|0x00000000a0400000, 0x00000000a0400000, 0x00000000a0500000|  0%| F|  |TAMS 0x00000000a0400000, 0x00000000a0400000| Untracked 
|   5|0x00000000a0500000, 0x00000000a0500000, 0x00000000a0600000|  0%| F|  |TAMS 0x00000000a0500000, 0x00000000a0500000| Untracked 
|   6|0x00000000a0600000, 0x00000000a0600000, 0x00000000a0700000|  0%| F|  |TAMS 0x00000000a0600000, 0x00000000a0600000| Untracked 
|   7|0x00000000a0700000, 0x00000000a0700000, 0x00000000a0800000|  0%| F|  |TAMS 0x00000000a0700000, 0x00000000a0700000| Untracked 
|   8|0x00000000a0800000, 0x00000000a0800000, 0x00000000a0900000|  0%| F|  |TAMS 0x00000000a0800000, 0x00000000a0800000| Untracked 
|   9|0x00000000a0900000, 0x00000000a0900000, 0x00000000a0a00000|  0%| F|  |TAMS 0x00000000a0900000, 0x00000000a0900000| Untracked 
|  10|0x00000000a0a00000, 0x00000000a0a00000, 0x00000000a0b00000|  0%| F|  |TAMS 0x00000000a0a00000, 0x00000000a0a00000| Untracked 
|  11|0x00000000a0b00000, 0x00000000a0b00000, 0x00000000a0c00000|  0%| F|  |TAMS 0x00000000a0b00000, 0x00000000a0b00000| Untracked 
|  12|0x00000000a0c00000, 0x00000000a0c00000, 0x00000000a0d00000|  0%| F|  |TAMS 0x00000000a0c00000, 0x00000000a0c00000| Untracked 
|  13|0x00000000a0d00000, 0x00000000a0d00000, 0x00000000a0e00000|  0%| F|  |TAMS 0x00000000a0d00000, 0x00000000a0d00000| Untracked 
|  14|0x00000000a0e00000, 0x00000000a0e00000, 0x00000000a0f00000|  0%| F|  |TAMS 0x00000000a0e00000, 0x00000000a0e00000| Untracked 
|  15|0x00000000a0f00000, 0x00000000a0f00000, 0x00000000a1000000|  0%| F|  |TAMS 0x00000000a0f00000, 0x00000000a0f00000| Untracked 
|  16|0x00000000a1000000, 0x00000000a1000000, 0x00000000a1100000|  0%| F|  |TAMS 0x00000000a1000000, 0x00000000a1000000| Untracked 
|  17|0x00000000a1100000, 0x00000000a1100000, 0x00000000a1200000|  0%| F|  |TAMS 0x00000000a1100000, 0x00000000a1100000| Untracked 
|  18|0x00000000a1200000, 0x00000000a1200000, 0x00000000a1300000|  0%| F|  |TAMS 0x00000000a1200000, 0x00000000a1200000| Untracked 
|  19|0x00000000a1300000, 0x00000000a1300000, 0x00000000a1400000|  0%| F|  |TAMS 0x00000000a1300000, 0x00000000a1300000| Untracked 
|  20|0x00000000a1400000, 0x00000000a1400000, 0x00000000a1500000|  0%| F|  |TAMS 0x00000000a1400000, 0x00000000a1400000| Untracked 
|  21|0x00000000a1500000, 0x00000000a1500000, 0x00000000a1600000|  0%| F|  |TAMS 0x00000000a1500000, 0x00000000a1500000| Untracked 
|  22|0x00000000a1600000, 0x00000000a1600000, 0x00000000a1700000|  0%| F|  |TAMS 0x00000000a1600000, 0x00000000a1600000| Untracked 
|  23|0x00000000a1700000, 0x00000000a1700000, 0x00000000a1800000|  0%| F|  |TAMS 0x00000000a1700000, 0x00000000a1700000| Untracked 
|  24|0x00000000a1800000, 0x00000000a1800000, 0x00000000a1900000|  0%| F|  |TAMS 0x00000000a1800000, 0x00000000a1800000| Untracked 
|  25|0x00000000a1900000, 0x00000000a1900000, 0x00000000a1a00000|  0%| F|  |TAMS 0x00000000a1900000, 0x00000000a1900000| Untracked 
|  26|0x00000000a1a00000, 0x00000000a1a00000, 0x00000000a1b00000|  0%| F|  |TAMS 0x00000000a1a00000, 0x00000000a1a00000| Untracked 
|  27|0x00000000a1b00000, 0x00000000a1b00000, 0x00000000a1c00000|  0%| F|  |TAMS 0x00000000a1b00000, 0x00000000a1b00000| Untracked 
|  28|0x00000000a1c00000, 0x00000000a1c00000, 0x00000000a1d00000|  0%| F|  |TAMS 0x00000000a1c00000, 0x00000000a1c00000| Untracked 
|  29|0x00000000a1d00000, 0x00000000a1d00000, 0x00000000a1e00000|  0%| F|  |TAMS 0x00000000a1d00000, 0x00000000a1d00000| Untracked 
|  30|0x00000000a1e00000, 0x00000000a1e00000, 0x00000000a1f00000|  0%| F|  |TAMS 0x00000000a1e00000, 0x00000000a1e00000| Untracked 
|  31|0x00000000a1f00000, 0x00000000a1f00000, 0x00000000a2000000|  0%| F|  |TAMS 0x00000000a1f00000, 0x00000000a1f00000| Untracked 
|  32|0x00000000a2000000, 0x00000000a2000000, 0x00000000a2100000|  0%| F|  |TAMS 0x00000000a2000000, 0x00000000a2000000| Untracked 
|  33|0x00000000a2100000, 0x00000000a2100000, 0x00000000a2200000|  0%| F|  |TAMS 0x00000000a2100000, 0x00000000a2100000| Untracked 
|  34|0x00000000a2200000, 0x00000000a2200000, 0x00000000a2300000|  0%| F|  |TAMS 0x00000000a2200000, 0x00000000a2200000| Untracked 
|  35|0x00000000a2300000, 0x00000000a2300000, 0x00000000a2400000|  0%| F|  |TAMS 0x00000000a2300000, 0x00000000a2300000| Untracked 
|  36|0x00000000a2400000, 0x00000000a2400000, 0x00000000a2500000|  0%| F|  |TAMS 0x00000000a2400000, 0x00000000a2400000| Untracked 
|  37|0x00000000a2500000, 0x00000000a2500000, 0x00000000a2600000|  0%| F|  |TAMS 0x00000000a2500000, 0x00000000a2500000| Untracked 
|  38|0x00000000a2600000, 0x00000000a2600000, 0x00000000a2700000|  0%| F|  |TAMS 0x00000000a2600000, 0x00000000a2600000| Untracked 
|  39|0x00000000a2700000, 0x00000000a2700000, 0x00000000a2800000|  0%| F|  |TAMS 0x00000000a2700000, 0x00000000a2700000| Untracked 
|  40|0x00000000a2800000, 0x00000000a2800000, 0x00000000a2900000|  0%| F|  |TAMS 0x00000000a2800000, 0x00000000a2800000| Untracked 
|  41|0x00000000a2900000, 0x00000000a2900000, 0x00000000a2a00000|  0%| F|  |TAMS 0x00000000a2900000, 0x00000000a2900000| Untracked 
|  42|0x00000000a2a00000, 0x00000000a2a00000, 0x00000000a2b00000|  0%| F|  |TAMS 0x00000000a2a00000, 0x00000000a2a00000| Untracked 
|  43|0x00000000a2b00000, 0x00000000a2b00000, 0x00000000a2c00000|  0%| F|  |TAMS 0x00000000a2b00000, 0x00000000a2b00000| Untracked 
|  44|0x00000000a2c00000, 0x00000000a2c00000, 0x00000000a2d00000|  0%| F|  |TAMS 0x00000000a2c00000, 0x00000000a2c00000| Untracked 
|  45|0x00000000a2d00000, 0x00000000a2d00000, 0x00000000a2e00000|  0%| F|  |TAMS 0x00000000a2d00000, 0x00000000a2d00000| Untracked 
|  46|0x00000000a2e00000, 0x00000000a2e00000, 0x00000000a2f00000|  0%| F|  |TAMS 0x00000000a2e00000, 0x00000000a2e00000| Untracked 
|  47|0x00000000a2f00000, 0x00000000a2f00000, 0x00000000a3000000|  0%| F|  |TAMS 0x00000000a2f00000, 0x00000000a2f00000| Untracked 
|  48|0x00000000a3000000, 0x00000000a3000000, 0x00000000a3100000|  0%| F|  |TAMS 0x00000000a3000000, 0x00000000a3000000| Untracked 
|  49|0x00000000a3100000, 0x00000000a3100000, 0x00000000a3200000|  0%| F|  |TAMS 0x00000000a3100000, 0x00000000a3100000| Untracked 
|  50|0x00000000a3200000, 0x00000000a3200000, 0x00000000a3300000|  0%| F|  |TAMS 0x00000000a3200000, 0x00000000a3200000| Untracked 
|  51|0x00000000a3300000, 0x00000000a3300000, 0x00000000a3400000|  0%| F|  |TAMS 0x00000000a3300000, 0x00000000a3300000| Untracked 
|  52|0x00000000a3400000, 0x00000000a3400000, 0x00000000a3500000|  0%| F|  |TAMS 0x00000000a3400000, 0x00000000a3400000| Untracked 
|  53|0x00000000a3500000, 0x00000000a3500000, 0x00000000a3600000|  0%| F|  |TAMS 0x00000000a3500000, 0x00000000a3500000| Untracked 
|  54|0x00000000a3600000, 0x00000000a3600000, 0x00000000a3700000|  0%| F|  |TAMS 0x00000000a3600000, 0x00000000a3600000| Untracked 
|  55|0x00000000a3700000, 0x00000000a3700000, 0x00000000a3800000|  0%| F|  |TAMS 0x00000000a3700000, 0x00000000a3700000| Untracked 
|  56|0x00000000a3800000, 0x00000000a3800000, 0x00000000a3900000|  0%| F|  |TAMS 0x00000000a3800000, 0x00000000a3800000| Untracked 
|  57|0x00000000a3900000, 0x00000000a3900000, 0x00000000a3a00000|  0%| F|  |TAMS 0x00000000a3900000, 0x00000000a3900000| Untracked 
|  58|0x00000000a3a00000, 0x00000000a3a00000, 0x00000000a3b00000|  0%| F|  |TAMS 0x00000000a3a00000, 0x00000000a3a00000| Untracked 
|  59|0x00000000a3b00000, 0x00000000a3b00000, 0x00000000a3c00000|  0%| F|  |TAMS 0x00000000a3b00000, 0x00000000a3b00000| Untracked 
|  60|0x00000000a3c00000, 0x00000000a3c00000, 0x00000000a3d00000|  0%| F|  |TAMS 0x00000000a3c00000, 0x00000000a3c00000| Untracked 
|  61|0x00000000a3d00000, 0x00000000a3d00000, 0x00000000a3e00000|  0%| F|  |TAMS 0x00000000a3d00000, 0x00000000a3d00000| Untracked 
|  62|0x00000000a3e00000, 0x00000000a3e00000, 0x00000000a3f00000|  0%| F|  |TAMS 0x00000000a3e00000, 0x00000000a3e00000| Untracked 
|  63|0x00000000a3f00000, 0x00000000a3f00000, 0x00000000a4000000|  0%| F|  |TAMS 0x00000000a3f00000, 0x00000000a3f00000| Untracked 
|  64|0x00000000a4000000, 0x00000000a4000000, 0x00000000a4100000|  0%| F|  |TAMS 0x00000000a4000000, 0x00000000a4000000| Untracked 
|  65|0x00000000a4100000, 0x00000000a4100000, 0x00000000a4200000|  0%| F|  |TAMS 0x00000000a4100000, 0x00000000a4100000| Untracked 
|  66|0x00000000a4200000, 0x00000000a4200000, 0x00000000a4300000|  0%| F|  |TAMS 0x00000000a4200000, 0x00000000a4200000| Untracked 
|  67|0x00000000a4300000, 0x00000000a4300000, 0x00000000a4400000|  0%| F|  |TAMS 0x00000000a4300000, 0x00000000a4300000| Untracked 
|  68|0x00000000a4400000, 0x00000000a4400000, 0x00000000a4500000|  0%| F|  |TAMS 0x00000000a4400000, 0x00000000a4400000| Untracked 
|  69|0x00000000a4500000, 0x00000000a4500000, 0x00000000a4600000|  0%| F|  |TAMS 0x00000000a4500000, 0x00000000a4500000| Untracked 
|  70|0x00000000a4600000, 0x00000000a4600000, 0x00000000a4700000|  0%| F|  |TAMS 0x00000000a4600000, 0x00000000a4600000| Untracked 
|  71|0x00000000a4700000, 0x00000000a4700000, 0x00000000a4800000|  0%| F|  |TAMS 0x00000000a4700000, 0x00000000a4700000| Untracked 
|  72|0x00000000a4800000, 0x00000000a4800000, 0x00000000a4900000|  0%| F|  |TAMS 0x00000000a4800000, 0x00000000a4800000| Untracked 
|  73|0x00000000a4900000, 0x00000000a4900000, 0x00000000a4a00000|  0%| F|  |TAMS 0x00000000a4900000, 0x00000000a4900000| Untracked 
|  74|0x00000000a4a00000, 0x00000000a4a00000, 0x00000000a4b00000|  0%| F|  |TAMS 0x00000000a4a00000, 0x00000000a4a00000| Untracked 
|  75|0x00000000a4b00000, 0x00000000a4b00000, 0x00000000a4c00000|  0%| F|  |TAMS 0x00000000a4b00000, 0x00000000a4b00000| Untracked 
|  76|0x00000000a4c00000, 0x00000000a4c00000, 0x00000000a4d00000|  0%| F|  |TAMS 0x00000000a4c00000, 0x00000000a4c00000| Untracked 
|  77|0x00000000a4d00000, 0x00000000a4d00000, 0x00000000a4e00000|  0%| F|  |TAMS 0x00000000a4d00000, 0x00000000a4d00000| Untracked 
|  78|0x00000000a4e00000, 0x00000000a4e00000, 0x00000000a4f00000|  0%| F|  |TAMS 0x00000000a4e00000, 0x00000000a4e00000| Untracked 
|  79|0x00000000a4f00000, 0x00000000a4f00000, 0x00000000a5000000|  0%| F|  |TAMS 0x00000000a4f00000, 0x00000000a4f00000| Untracked 
|  80|0x00000000a5000000, 0x00000000a5000000, 0x00000000a5100000|  0%| F|  |TAMS 0x00000000a5000000, 0x00000000a5000000| Untracked 
|  81|0x00000000a5100000, 0x00000000a5100000, 0x00000000a5200000|  0%| F|  |TAMS 0x00000000a5100000, 0x00000000a5100000| Untracked 
|  82|0x00000000a5200000, 0x00000000a5200000, 0x00000000a5300000|  0%| F|  |TAMS 0x00000000a5200000, 0x00000000a5200000| Untracked 
|  83|0x00000000a5300000, 0x00000000a5300000, 0x00000000a5400000|  0%| F|  |TAMS 0x00000000a5300000, 0x00000000a5300000| Untracked 
|  84|0x00000000a5400000, 0x00000000a5400000, 0x00000000a5500000|  0%| F|  |TAMS 0x00000000a5400000, 0x00000000a5400000| Untracked 
|  85|0x00000000a5500000, 0x00000000a5500000, 0x00000000a5600000|  0%| F|  |TAMS 0x00000000a5500000, 0x00000000a5500000| Untracked 
|  86|0x00000000a5600000, 0x00000000a5600000, 0x00000000a5700000|  0%| F|  |TAMS 0x00000000a5600000, 0x00000000a5600000| Untracked 
|  87|0x00000000a5700000, 0x00000000a5700000, 0x00000000a5800000|  0%| F|  |TAMS 0x00000000a5700000, 0x00000000a5700000| Untracked 
|  88|0x00000000a5800000, 0x00000000a5900000, 0x00000000a5900000|100%| S|CS|TAMS 0x00000000a5800000, 0x00000000a5800000| Complete 
|  89|0x00000000a5900000, 0x00000000a5a00000, 0x00000000a5a00000|100%| E|  |TAMS 0x00000000a5900000, 0x00000000a5900000| Complete 
|  90|0x00000000a5a00000, 0x00000000a5b00000, 0x00000000a5b00000|100%| E|CS|TAMS 0x00000000a5a00000, 0x00000000a5a00000| Complete 
|  91|0x00000000a5b00000, 0x00000000a5c00000, 0x00000000a5c00000|100%| E|CS|TAMS 0x00000000a5b00000, 0x00000000a5b00000| Complete 
|  92|0x00000000a5c00000, 0x00000000a5d00000, 0x00000000a5d00000|100%| E|CS|TAMS 0x00000000a5c00000, 0x00000000a5c00000| Complete 
|  93|0x00000000a5d00000, 0x00000000a5e00000, 0x00000000a5e00000|100%| E|CS|TAMS 0x00000000a5d00000, 0x00000000a5d00000| Complete 
|  94|0x00000000a5e00000, 0x00000000a5f00000, 0x00000000a5f00000|100%| E|CS|TAMS 0x00000000a5e00000, 0x00000000a5e00000| Complete 
|  95|0x00000000a5f00000, 0x00000000a6000000, 0x00000000a6000000|100%| E|CS|TAMS 0x00000000a5f00000, 0x00000000a5f00000| Complete 

Card table byte_map: [0x000000001a3d0000,0x000000001a6d0000] _byte_map_base: 0x0000000019ed0000

Marking Bits (Prev, Next): (CMBitMap*) 0x00000000004c4d48, (CMBitMap*) 0x00000000004c4d88
 Prev Bits: [0x000000001a9d0000, 0x000000001c1d0000)
 Next Bits: [0x000000001c1d0000, 0x000000001d9d0000)

Polling page: 0x0000000000130000

Metaspace:

Usage:
  Non-class:      5.30 MB capacity,     2.75 MB ( 52%) used,     2.53 MB ( 48%) free+waste,    19.81 KB ( <1%) overhead. 
      Class:    684.00 KB capacity,   373.01 KB ( 55%) used,   300.18 KB ( 44%) free+waste,    10.81 KB (  2%) overhead. 
       Both:      5.97 MB capacity,     3.11 MB ( 52%) used,     2.83 MB ( 47%) free+waste,    30.63 KB ( <1%) overhead. 

Virtual space:
  Non-class space:        8.00 MB reserved,       5.50 MB ( 69%) committed 
      Class space:        1.00 GB reserved,     768.00 KB ( <1%) committed 
             Both:        1.01 GB reserved,       6.25 MB ( <1%) committed 

Chunk freelists:
   Non-Class:  1.75 KB
       Class:  0 bytes
        Both:  1.75 KB

CodeHeap 'non-profiled nmethods': size=120064Kb used=262Kb max_used=262Kb free=119801Kb
 bounds [0x0000000012790000, 0x0000000012a00000, 0x0000000019cd0000]
CodeHeap 'profiled nmethods': size=120000Kb used=1201Kb max_used=1201Kb free=118798Kb
 bounds [0x000000000b260000, 0x000000000b4d0000, 0x0000000012790000]
CodeHeap 'non-nmethods': size=5696Kb used=1121Kb max_used=1134Kb free=4574Kb
 bounds [0x000000000acd0000, 0x000000000af40000, 0x000000000b260000]
 total_blobs=1380 nmethods=784 adapters=337
 compilation: enabled
              stopped_count=0, restarted_count=0
 full_count=0

Compilation events (10 events):
Event: 0.354 Thread 0x0000000020c78800 nmethod 778 0x000000000b386f90 code [0x000000000b387240, 0x000000000b387f90]
Event: 0.354 Thread 0x0000000020c78800  780       3       java.lang.invoke.VarHandleGuards::guard_LII_Z (70 bytes)
Event: 0.355 Thread 0x0000000020c78800 nmethod 780 0x000000000b388410 code [0x000000000b3886c0, 0x000000000b3897d0]
Event: 0.355 Thread 0x0000000020c78800  781       3       java.lang.invoke.VarHandleInts$FieldInstanceReadWrite::compareAndSet (24 bytes)
Event: 0.355 Thread 0x0000000020c78800 nmethod 781 0x000000000b389d10 code [0x000000000b389f20, 0x000000000b38a450]
Event: 0.356 Thread 0x0000000020c78800  783       3       java.util.concurrent.locks.AbstractQueuedSynchronizer::compareAndSetState (10 bytes)
Event: 0.356 Thread 0x0000000020c78800 nmethod 783 0x000000000b38a690 code [0x000000000b38a8c0, 0x000000000b38afc0]
Event: 0.358 Thread 0x0000000020c6f800 nmethod 779 0x00000000127d0f10 code [0x00000000127d10c0, 0x00000000127d16f8]
Event: 0.358 Thread 0x0000000020c78800  784       3       java.util.concurrent.ConcurrentHashMap$Traverser::advance (188 bytes)
Event: 0.359 Thread 0x0000000020c78800 nmethod 784 0x000000000b38b210 code [0x000000000b38b480, 0x000000000b38c340]

GC Heap History (2 events):
Event: 0.179 GC heap before
{Heap before GC invocations=0 (full 0):
 garbage-first heap   total 98304K, used 6144K [0x00000000a0000000, 0x0000000100000000)
  region size 1024K, 7 young (7168K), 0 survivors (0K)
 Metaspace       used 1118K, capacity 4806K, committed 4864K, reserved 1056768K
  class space    used 124K, capacity 476K, committed 512K, reserved 1048576K
}
Event: 0.181 GC heap after
{Heap after GC invocations=1 (full 0):
 garbage-first heap   total 98304K, used 1351K [0x00000000a0000000, 0x0000000100000000)
  region size 1024K, 1 young (1024K), 1 survivors (1024K)
 Metaspace       used 1118K, capacity 4806K, committed 4864K, reserved 1056768K
  class space    used 124K, capacity 476K, committed 512K, reserved 1048576K
}

Deoptimization events (10 events):
Event: 0.282 Thread 0x0000000022170800 Uncommon trap: reason=unstable_if action=reinterpret pc=0x00000000127a18c4 method=java.lang.String.isEmpty()Z @ 5 c2
Event: 0.288 Thread 0x0000000022170800 Uncommon trap: reason=unstable_if action=reinterpret pc=0x00000000127c1a60 method=java.lang.String.startsWith(Ljava/lang/String;I)Z @ 1 c2
Event: 0.288 Thread 0x0000000022170800 Uncommon trap: reason=speculate_class_check action=maybe_recompile pc=0x00000000127a77f4 method=java.util.HashMap.putVal(ILjava/lang/Object;Ljava/lang/Object;ZZ)Ljava/lang/Object; @ 56 c2
Event: 0.289 Thread 0x0000000022170800 Uncommon trap: reason=speculate_class_check action=maybe_recompile pc=0x00000000127a77f4 method=java.util.HashMap.putVal(ILjava/lang/Object;Ljava/lang/Object;ZZ)Ljava/lang/Object; @ 56 c2
Event: 0.289 Thread 0x0000000022170800 Uncommon trap: reason=speculate_class_check action=maybe_recompile pc=0x00000000127a77f4 method=java.util.HashMap.putVal(ILjava/lang/Object;Ljava/lang/Object;ZZ)Ljava/lang/Object; @ 56 c2
Event: 0.289 Thread 0x0000000022170800 Uncommon trap: reason=speculate_class_check action=maybe_recompile pc=0x00000000127a77f4 method=java.util.HashMap.putVal(ILjava/lang/Object;Ljava/lang/Object;ZZ)Ljava/lang/Object; @ 56 c2
Event: 0.289 Thread 0x0000000022170800 Uncommon trap: reason=class_check action=maybe_recompile pc=0x00000000127ad96c method=java.util.HashMap.putVal(ILjava/lang/Object;Ljava/lang/Object;ZZ)Ljava/lang/Object; @ 152 c2
Event: 0.289 Thread 0x0000000022170800 Uncommon trap: reason=class_check action=maybe_recompile pc=0x00000000127ad96c method=java.util.HashMap.putVal(ILjava/lang/Object;Ljava/lang/Object;ZZ)Ljava/lang/Object; @ 152 c2
Event: 0.289 Thread 0x0000000022170800 Uncommon trap: reason=class_check action=maybe_recompile pc=0x00000000127ad96c method=java.util.HashMap.putVal(ILjava/lang/Object;Ljava/lang/Object;ZZ)Ljava/lang/Object; @ 152 c2
Event: 0.289 Thread 0x0000000022170800 Uncommon trap: reason=class_check action=maybe_recompile pc=0x00000000127ad96c method=java.util.HashMap.putVal(ILjava/lang/Object;Ljava/lang/Object;ZZ)Ljava/lang/Object; @ 152 c2

Classes redefined (0 events):
No events

Internal exceptions (7 events):
Event: 0.079 Thread 0x000000000048b000 Exception <a 'java/lang/NoSuchMethodError'{0x00000000a5ea6300}: java.lang.invoke.DirectMethodHandle$Holder.invokeSpecialIFC(Ljava/lang/Object;Ljava/lang/Object;I)I> (0x00000000a5ea6300) thrown at [c:/cygwin64/tmp/openjdk-jdk12u-windows-x64-hotspot/workspa
Event: 0.202 Thread 0x000000000048b000 Exception <a 'java/lang/NoSuchMethodError'{0x00000000a5fe1ef8}: java.lang.invoke.DirectMethodHandle$Holder.invokeStatic(Ljava/lang/Object;Ljava/lang/Object;Ljava/lang/Object;Ljava/lang/Object;Ljava/lang/Object;Ljava/lang/Object;Ljava/lang/Object;J)Ljava/l
Event: 0.205 Thread 0x000000000048b000 Exception <a 'java/lang/NoSuchMethodError'{0x00000000a5ffaab0}: java.lang.invoke.DirectMethodHandle$Holder.invokeStatic(Ljava/lang/Object;Ljava/lang/Object;Ljava/lang/Object;Ljava/lang/Object;Ljava/lang/Object;Ljava/lang/Object;Ljava/lang/Object;JLjava/la
Event: 0.308 Thread 0x000000000048b000 Exception <a 'java/lang/NoSuchMethodError'{0x00000000a5c5cee8}: java.lang.invoke.DirectMethodHandle$Holder.invokeStaticInit(Ljava/lang/Object;Ljava/lang/Object;Ljava/lang/Object;)I> (0x00000000a5c5cee8) thrown at [c:/cygwin64/tmp/openjdk-jdk12u-windows-x6
Event: 0.309 Thread 0x000000000048b000 Exception <a 'java/lang/NoSuchMethodError'{0x00000000a5c68030}: java.lang.invoke.DirectMethodHandle$Holder.invokeSpecial(Ljava/lang/Object;Ljava/lang/Object;)V> (0x00000000a5c68030) thrown at [c:/cygwin64/tmp/openjdk-jdk12u-windows-x64-hotspot/workspace/b
Event: 0.341 Thread 0x000000000048b000 Exception <a 'java/lang/NoSuchMethodError'{0x00000000a5a1e510}: java.lang.invoke.DirectMethodHandle$Holder.invokeStatic(Ljava/lang/Object;Ljava/lang/Object;ILjava/lang/Object;)Ljava/lang/Object;> (0x00000000a5a1e510) thrown at [c:/cygwin64/tmp/openjdk-jdk
Event: 0.346 Thread 0x000000000048b000 Exception <a 'java/lang/NoSuchMethodError'{0x00000000a5a247d0}: java.lang.invoke.Invokers$Holder.linkToTargetMethod(Ljava/lang/Object;ILjava/lang/Object;Ljava/lang/Object;)Ljava/lang/Object;> (0x00000000a5a247d0) thrown at [c:/cygwin64/tmp/openjdk-jdk12u-

Events (10 events):
Event: 0.353 Executing VM operation: RevokeBias
Event: 0.353 Executing VM operation: RevokeBias done
Event: 0.353 Executing VM operation: RevokeBias
Event: 0.353 Executing VM operation: RevokeBias done
Event: 0.354 Executing VM operation: RevokeBias
Event: 0.354 Executing VM operation: RevokeBias done
Event: 0.355 Executing VM operation: RevokeBias
Event: 0.355 Executing VM operation: RevokeBias done
Event: 0.356 Executing VM operation: RevokeBias
Event: 0.356 Executing VM operation: RevokeBias done


Dynamic libraries:
0x000000013ff40000 - 0x000000013ff4d000 	C:\Program Files\AdoptOpenJDK\jdk-12.0.2.10-hotspot\bin\java.exe
0x0000000076e20000 - 0x0000000076fbf000 	C:\Windows\SYSTEM32\ntdll.dll
0x0000000076d00000 - 0x0000000076e1f000 	C:\Windows\system32\kernel32.dll
0x000007fefcca0000 - 0x000007fefcd07000 	C:\Windows\system32\KERNELBASE.dll
0x000007fef67b0000 - 0x000007fef67c7000 	C:\Program Files\AdoptOpenJDK\jdk-12.0.2.10-hotspot\bin\jli.dll
0x000007fefb040000 - 0x000007fefb235000 	C:\Windows\WinSxS\amd64_microsoft.windows.common-controls_6595b64144ccf1df_6.0.7601.24483_none_e372d88f30fbb845\COMCTL32.dll
0x000007fefd0f0000 - 0x000007fefd18f000 	C:\Windows\system32\msvcrt.dll
0x000007fefefc0000 - 0x000007feff027000 	C:\Windows\system32\GDI32.dll
0x0000000076c00000 - 0x0000000076cfa000 	C:\Windows\system32\USER32.dll
0x000007fefd0e0000 - 0x000007fefd0ee000 	C:\Windows\system32\LPK.dll
0x000007fefec10000 - 0x000007fefecdb000 	C:\Windows\system32\USP10.dll
0x000007fefcd60000 - 0x000007fefcdd1000 	C:\Windows\system32\SHLWAPI.dll
0x000007feefcb0000 - 0x000007feefcc6000 	C:\Program Files\AdoptOpenJDK\jdk-12.0.2.10-hotspot\bin\VCRUNTIME140.dll
0x000007fef28d0000 - 0x000007fef28d4000 	C:\Program Files\AdoptOpenJDK\jdk-12.0.2.10-hotspot\bin\api-ms-win-crt-runtime-l1-1-0.dll
0x000007feefda0000 - 0x000007feefe9a000 	C:\Program Files\AdoptOpenJDK\jdk-12.0.2.10-hotspot\bin\ucrtbase.DLL
0x000007fefae10000 - 0x000007fefae13000 	C:\Program Files\AdoptOpenJDK\jdk-12.0.2.10-hotspot\bin\api-ms-win-core-localization-l1-2-0.dll
0x000007fef67e0000 - 0x000007fef67e3000 	C:\Program Files\AdoptOpenJDK\jdk-12.0.2.10-hotspot\bin\api-ms-win-core-processthreads-l1-1-1.dll
0x000007fef67d0000 - 0x000007fef67d3000 	C:\Program Files\AdoptOpenJDK\jdk-12.0.2.10-hotspot\bin\api-ms-win-core-file-l1-2-0.dll
0x000007fef6490000 - 0x000007fef6493000 	C:\Program Files\AdoptOpenJDK\jdk-12.0.2.10-hotspot\bin\api-ms-win-core-timezone-l1-1-0.dll
0x000007fef67a0000 - 0x000007fef67a3000 	C:\Program Files\AdoptOpenJDK\jdk-12.0.2.10-hotspot\bin\api-ms-win-core-file-l2-1-0.dll
0x000007fef6020000 - 0x000007fef6023000 	C:\Program Files\AdoptOpenJDK\jdk-12.0.2.10-hotspot\bin\api-ms-win-core-synch-l1-2-0.dll
0x000007fef04d0000 - 0x000007fef04d4000 	C:\Program Files\AdoptOpenJDK\jdk-12.0.2.10-hotspot\bin\api-ms-win-crt-string-l1-1-0.dll
0x000007fef0500000 - 0x000007fef0503000 	C:\Program Files\AdoptOpenJDK\jdk-12.0.2.10-hotspot\bin\api-ms-win-crt-heap-l1-1-0.dll
0x000007feefca0000 - 0x000007feefca4000 	C:\Program Files\AdoptOpenJDK\jdk-12.0.2.10-hotspot\bin\api-ms-win-crt-stdio-l1-1-0.dll
0x000007feefc90000 - 0x000007feefc94000 	C:\Program Files\AdoptOpenJDK\jdk-12.0.2.10-hotspot\bin\api-ms-win-crt-convert-l1-1-0.dll
0x000007feefac0000 - 0x000007feefac3000 	C:\Program Files\AdoptOpenJDK\jdk-12.0.2.10-hotspot\bin\api-ms-win-crt-environment-l1-1-0.dll
0x000007feefa90000 - 0x000007feefa93000 	C:\Program Files\AdoptOpenJDK\jdk-12.0.2.10-hotspot\bin\api-ms-win-crt-filesystem-l1-1-0.dll
0x000007feefaa0000 - 0x000007feefaa5000 	C:\Program Files\AdoptOpenJDK\jdk-12.0.2.10-hotspot\bin\api-ms-win-crt-math-l1-1-0.dll
0x000007feef490000 - 0x000007feef493000 	C:\Program Files\AdoptOpenJDK\jdk-12.0.2.10-hotspot\bin\api-ms-win-crt-locale-l1-1-0.dll
0x000007fefe530000 - 0x000007fefe55e000 	C:\Windows\system32\IMM32.DLL
0x000007fefd190000 - 0x000007fefd29b000 	C:\Windows\system32\MSCTF.dll
0x000007feef640000 - 0x000007feef6db000 	C:\Program Files\AdoptOpenJDK\jdk-12.0.2.10-hotspot\bin\msvcp140.dll
0x000007feefa80000 - 0x000007feefa83000 	C:\Program Files\AdoptOpenJDK\jdk-12.0.2.10-hotspot\bin\api-ms-win-crt-time-l1-1-0.dll
0x000007feefab0000 - 0x000007feefab3000 	C:\Program Files\AdoptOpenJDK\jdk-12.0.2.10-hotspot\bin\api-ms-win-crt-utility-l1-1-0.dll
0x000007fee3c40000 - 0x000007fee47ed000 	C:\Program Files\AdoptOpenJDK\jdk-12.0.2.10-hotspot\bin\server\jvm.dll
0x000007fefece0000 - 0x000007fefedbb000 	C:\Windows\system32\ADVAPI32.dll
0x000007fefcd30000 - 0x000007fefcd4f000 	C:\Windows\SYSTEM32\sechost.dll
0x000007fefcee0000 - 0x000007fefd00c000 	C:\Windows\system32\RPCRT4.dll
0x000007fef4a40000 - 0x000007fef4a49000 	C:\Windows\system32\WSOCK32.dll
0x000007fefd010000 - 0x000007fefd05d000 	C:\Windows\system32\WS2_32.dll
0x000007fefcd50000 - 0x000007fefcd58000 	C:\Windows\system32\NSI.dll
0x000007fef9000000 - 0x000007fef903b000 	C:\Windows\system32\WINMM.dll
0x000007fefbc70000 - 0x000007fefbc7c000 	C:\Windows\system32\VERSION.dll
0x0000000076fd0000 - 0x0000000076fd7000 	C:\Windows\system32\PSAPI.DLL
0x000007feefa00000 - 0x000007feefa10000 	C:\Program Files\AdoptOpenJDK\jdk-12.0.2.10-hotspot\bin\verify.dll
0x000007fef1310000 - 0x000007fef1435000 	C:\Windows\system32\DBGHELP.DLL
0x000007feefa10000 - 0x000007feefa36000 	C:\Program Files\AdoptOpenJDK\jdk-12.0.2.10-hotspot\bin\java.dll
0x000007feef9e0000 - 0x000007feef9f7000 	C:\Program Files\AdoptOpenJDK\jdk-12.0.2.10-hotspot\bin\zip.dll
0x000007feef9d0000 - 0x000007feef9da000 	C:\Program Files\AdoptOpenJDK\jdk-12.0.2.10-hotspot\bin\jimage.dll
0x000007fefd570000 - 0x000007fefe2fb000 	C:\Windows\system32\SHELL32.dll
0x000007fefe560000 - 0x000007fefe75f000 	C:\Windows\system32\ole32.dll
0x000007fefc980000 - 0x000007fefc98f000 	C:\Windows\system32\profapi.dll
0x000007feef9b0000 - 0x000007feef9c9000 	C:\Program Files\AdoptOpenJDK\jdk-12.0.2.10-hotspot\bin\net.dll
0x000007fef8c20000 - 0x000007fef8c91000 	C:\Windows\system32\WINHTTP.dll
0x000007fef8b60000 - 0x000007fef8bc5000 	C:\Windows\system32\webio.dll
0x000007fefe300000 - 0x000007fefe48a000 	C:\Windows\system32\urlmon.dll
0x000007fefcd10000 - 0x000007fefcd14000 	C:\Windows\system32\api-ms-win-downlevel-ole32-l1-1-0.dll
0x000007fefcd20000 - 0x000007fefcd24000 	C:\Windows\system32\api-ms-win-downlevel-shlwapi-l1-1-0.dll
0x000007fefcc50000 - 0x000007fefcc55000 	C:\Windows\system32\api-ms-win-downlevel-advapi32-l1-1-0.dll
0x000007fefcc60000 - 0x000007fefcc64000 	C:\Windows\system32\api-ms-win-downlevel-user32-l1-1-0.dll
0x000007fefcc70000 - 0x000007fefcc74000 	C:\Windows\system32\api-ms-win-downlevel-version-l1-1-0.dll
0x000007fefc990000 - 0x000007fefc993000 	C:\Windows\system32\api-ms-win-downlevel-normaliz-l1-1-0.dll
0x0000000076fc0000 - 0x0000000076fc3000 	C:\Windows\system32\normaliz.DLL
0x000007fefd2a0000 - 0x000007fefd56c000 	C:\Windows\system32\iertutil.dll
0x000007fefe760000 - 0x000007fefec0c000 	C:\Windows\system32\WININET.dll
0x000007fefca20000 - 0x000007fefca3f000 	C:\Windows\system32\USERENV.dll
0x000007fefc060000 - 0x000007fefc0b5000 	C:\Windows\system32\mswsock.dll
0x000007fefc330000 - 0x000007fefc337000 	C:\Windows\System32\wship6.dll
0x000007feef990000 - 0x000007feef9a3000 	C:\Program Files\AdoptOpenJDK\jdk-12.0.2.10-hotspot\bin\nio.dll
0x000007fef6250000 - 0x000007fef6253000 	C:\Program Files\AdoptOpenJDK\jdk-12.0.2.10-hotspot\bin\api-ms-win-core-console-l1-1-0.dll
0x000007fef3900000 - 0x000007fef3903000 	C:\Program Files\AdoptOpenJDK\jdk-12.0.2.10-hotspot\bin\api-ms-win-core-datetime-l1-1-0.dll
0x000007fef38e0000 - 0x000007fef38e3000 	C:\Program Files\AdoptOpenJDK\jdk-12.0.2.10-hotspot\bin\api-ms-win-core-debug-l1-1-0.dll
0x000007fef38a0000 - 0x000007fef38a3000 	C:\Program Files\AdoptOpenJDK\jdk-12.0.2.10-hotspot\bin\api-ms-win-core-errorhandling-l1-1-0.dll
0x000007fef3890000 - 0x000007fef3894000 	C:\Program Files\AdoptOpenJDK\jdk-12.0.2.10-hotspot\bin\api-ms-win-core-file-l1-1-0.dll
0x000007fef2890000 - 0x000007fef2893000 	C:\Program Files\AdoptOpenJDK\jdk-12.0.2.10-hotspot\bin\api-ms-win-core-handle-l1-1-0.dll
0x000007fef2880000 - 0x000007fef2883000 	C:\Program Files\AdoptOpenJDK\jdk-12.0.2.10-hotspot\bin\api-ms-win-core-heap-l1-1-0.dll
0x000007fef2870000 - 0x000007fef2873000 	C:\Program Files\AdoptOpenJDK\jdk-12.0.2.10-hotspot\bin\api-ms-win-core-interlocked-l1-1-0.dll
0x000007fef2860000 - 0x000007fef2863000 	C:\Program Files\AdoptOpenJDK\jdk-12.0.2.10-hotspot\bin\api-ms-win-core-libraryloader-l1-1-0.dll
0x000007fef2850000 - 0x000007fef2853000 	C:\Program Files\AdoptOpenJDK\jdk-12.0.2.10-hotspot\bin\api-ms-win-core-memory-l1-1-0.dll
0x000007fef2840000 - 0x000007fef2843000 	C:\Program Files\AdoptOpenJDK\jdk-12.0.2.10-hotspot\bin\api-ms-win-core-namedpipe-l1-1-0.dll
0x000007fef1820000 - 0x000007fef1823000 	C:\Program Files\AdoptOpenJDK\jdk-12.0.2.10-hotspot\bin\api-ms-win-core-processenvironment-l1-1-0.dll
0x000007fef1810000 - 0x000007fef1813000 	C:\Program Files\AdoptOpenJDK\jdk-12.0.2.10-hotspot\bin\api-ms-win-core-processthreads-l1-1-0.dll
0x000007fef1800000 - 0x000007fef1803000 	C:\Program Files\AdoptOpenJDK\jdk-12.0.2.10-hotspot\bin\api-ms-win-core-profile-l1-1-0.dll
0x000007fef17f0000 - 0x000007fef17f3000 	C:\Program Files\AdoptOpenJDK\jdk-12.0.2.10-hotspot\bin\api-ms-win-core-rtlsupport-l1-1-0.dll
0x000007fef17e0000 - 0x000007fef17e3000 	C:\Program Files\AdoptOpenJDK\jdk-12.0.2.10-hotspot\bin\api-ms-win-core-string-l1-1-0.dll
0x000007fef17d0000 - 0x000007fef17d3000 	C:\Program Files\AdoptOpenJDK\jdk-12.0.2.10-hotspot\bin\api-ms-win-core-synch-l1-1-0.dll
0x000007fef0fa0000 - 0x000007fef0fa3000 	C:\Program Files\AdoptOpenJDK\jdk-12.0.2.10-hotspot\bin\api-ms-win-core-sysinfo-l1-1-0.dll
0x000007fef0f90000 - 0x000007fef0f93000 	C:\Program Files\AdoptOpenJDK\jdk-12.0.2.10-hotspot\bin\api-ms-win-core-util-l1-1-0.dll
0x000007fef0f80000 - 0x000007fef0f83000 	C:\Program Files\AdoptOpenJDK\jdk-12.0.2.10-hotspot\bin\api-ms-win-crt-conio-l1-1-0.dll
0x000007fef0f70000 - 0x000007fef0f75000 	C:\Program Files\AdoptOpenJDK\jdk-12.0.2.10-hotspot\bin\api-ms-win-crt-multibyte-l1-1-0.dll
0x000007fef0cf0000 - 0x000007fef0d00000 	C:\Program Files\AdoptOpenJDK\jdk-12.0.2.10-hotspot\bin\api-ms-win-crt-private-l1-1-0.dll
0x000007fef0ce0000 - 0x000007fef0ce3000 	C:\Program Files\AdoptOpenJDK\jdk-12.0.2.10-hotspot\bin\api-ms-win-crt-process-l1-1-0.dll
0x000007fef0100000 - 0x000007fef0151000 	C:\Windows\System32\concrt140.dll
0x000007fef0cb0000 - 0x000007fef0cd3000 	C:\Users\V-Windows\.openjfx\cache\12.0.2\prism_d3d.dll
0x000007fee5000000 - 0x000007fee51ff000 	C:\Windows\system32\d3d9.dll
0x000007fef0b70000 - 0x000007fef0b77000 	C:\Windows\system32\d3d8thk.dll
0x000007fefa360000 - 0x000007fefa378000 	C:\Windows\system32\dwmapi.dll
0x000007fefabc0000 - 0x000007fefac16000 	C:\Windows\system32\uxtheme.dll
0x000007fef7a20000 - 0x000007fef7c5f000 	C:\Windows\system32\VBoxDispD3D.dll
0x000007fef72f0000 - 0x000007fef749f000 	C:\Windows\system32\VBoxSVGA.dll
0x000007fef7750000 - 0x000007fef787f000 	C:\Windows\system32\VBoxNine.dll
0x000007feefcd0000 - 0x000007feefd15000 	C:\Users\V-Windows\.openjfx\cache\12.0.2\glass.dll
0x000007fefcde0000 - 0x000007fefce77000 	C:\Windows\system32\COMDLG32.dll
0x000007feff030000 - 0x000007feff10b000 	C:\Windows\system32\OLEAUT32.dll
0x000007fefc7d0000 - 0x000007fefc7df000 	C:\Windows\system32\CRYPTBASE.dll

dbghelp: loaded successfully - version: 4.0.5 - missing functions: none
symbol engine: initialized successfully - sym options: 0x614 - pdb path: .;C:\Program Files\AdoptOpenJDK\jdk-12.0.2.10-hotspot\bin;C:\Windows\SYSTEM32;C:\Windows\WinSxS\amd64_microsoft.windows.common-controls_6595b64144ccf1df_6.0.7601.24483_none_e372d88f30fbb845;C:\Program Files\AdoptOpenJDK\jdk-12.0.2.10-hotspot\bin\server;C:\Users\V-Windows\.openjfx\cache\12.0.2

VM Arguments:
jvm_args: --module-path=C:\Users\V-Windows\.m2\repository\org\openjfx\javafx-base\12.0.2\javafx-base-12.0.2-win.jar;C:\Users\V-Windows\.m2\repository\org\openjfx\javafx-base\12.0.2\javafx-base-12.0.2.jar;C:\Users\V-Windows\.m2\repository\org\openjfx\javafx-controls\12.0.2\javafx-controls-12.0.2-win.jar;C:\Users\V-Windows\.m2\repository\org\openjfx\javafx-controls\12.0.2\javafx-controls-12.0.2.jar;C:\Users\V-Windows\.m2\repository\org\openjfx\javafx-fxml\12.0.2\javafx-fxml-12.0.2-win.jar;C:\Users\V-Windows\.m2\repository\org\openjfx\javafx-fxml\12.0.2\javafx-fxml-12.0.2.jar;C:\Users\V-Windows\.m2\repository\org\openjfx\javafx-graphics\12.0.2\javafx-graphics-12.0.2-win.jar;C:\Users\V-Windows\.m2\repository\org\openjfx\javafx-graphics\12.0.2\javafx-graphics-12.0.2.jar --add-modules=javafx.base,javafx.controls,javafx.fxml,javafx.graphics 
java_command: com.m3u.M3UEditor
java_class_path (initial): C:\Users\V-Windows\Documents\NetBeansProjects\M3U-Editor-New\target\classes
Launcher Type: SUN_STANDARD

[Global flags]
     intx CICompilerCount                          = 2                                         {product} {ergonomic}
     uint ConcGCThreads                            = 1                                         {product} {ergonomic}
     uint G1ConcRefinementThreads                  = 2                                         {product} {ergonomic}
   size_t G1HeapRegionSize                         = 1048576                                   {product} {ergonomic}
    uintx GCDrainStackTargetSize                   = 64                                        {product} {ergonomic}
   size_t InitialHeapSize                          = 100663296                                 {product} {ergonomic}
   size_t MarkStackSize                            = 4194304                                   {product} {ergonomic}
   size_t MaxHeapSize                              = 1610612736                                {product} {ergonomic}
   size_t MaxNewSize                               = 965738496                                 {product} {ergonomic}
   size_t MinHeapDeltaBytes                        = 1048576                                   {product} {ergonomic}
    uintx NonNMethodCodeHeapSize                   = 5825164                                {pd product} {ergonomic}
    uintx NonProfiledCodeHeapSize                  = 122916538                              {pd product} {ergonomic}
    uintx ProfiledCodeHeapSize                     = 122916538                              {pd product} {ergonomic}
    uintx ReservedCodeCacheSize                    = 251658240                              {pd product} {ergonomic}
     bool SegmentedCodeCache                       = true                                      {product} {ergonomic}
     bool UseCompressedClassPointers               = true                                 {lp64_product} {ergonomic}
     bool UseCompressedOops                        = true                                 {lp64_product} {ergonomic}
     bool UseG1GC                                  = true                                      {product} {ergonomic}
     bool UseLargePagesIndividualAllocation        = false                                  {pd product} {ergonomic}

Logging:
Log output configuration:
 #0: stdout all=warning uptime,level,tags
 #1: stderr all=off uptime,level,tags

Environment Variables:
JAVA_HOME=C:\Program Files\AdoptOpenJDK\jdk-12.0.2.10-hotspot
JRE_HOME=C:\Program Files\AdoptOpenJDK\jdk-12.0.2.10-hotspot\
PATH=C:\Program Files\AdoptOpenJDK\jdk-12.0.2.10-hotspot\bin;C:\Windows\system32;C:\Windows;C:\Windows\System32\Wbem;C:\Windows\System32\WindowsPowerShell\v1.0\;C:\Program Files\Git\cmd
USERNAME=V-Windows
OS=Windows_NT
PROCESSOR_IDENTIFIER=Intel64 Family 6 Model 94 Stepping 3, GenuineIntel



---------------  S Y S T E M  ---------------

OS: Windows 7 , 64 bit Build 7601 (6.1.7601.24511)

CPU:total 2 (initial active 2) (2 cores per cpu, 1 threads per core) family 6 model 94 stepping 3, cmov, cx8, fxsr, mmx, sse, sse2, sse3, ssse3, sse4.1, sse4.2, popcnt, avx, avx2, aes, clmul, 3dnowpref, lzcnt, tsc, tscinvbit

Memory: 4k page, system-wide physical 6143M (3000M free)
TotalPageFile size 12285M (AvailPageFile size 8289M)
current process WorkingSet (physical memory assigned to process): 31M, peak: 50M
current process commit charge ("private bytes"): 174M, peak: 204M

vm_info: OpenJDK 64-Bit Server VM (12.0.2+10) for windows-amd64 JRE (12.0.2+10), built on Jul 18 2019 09:53:25 by "" with MS VC++ 15.8 (VS2017)

END.
