#
# A fatal error has been detected by the Java Runtime Environment:
#
#  Internal Error (c:/cygwin64/tmp/openjdk-jdk12u-windows-x64-hotspot/workspace/build/src/src/hotspot/os_cpu/windows_x86/os_windows_x86.cpp:145), pid=3236, tid=3348
#  guarantee(result == EXCEPTION_CONTINUE_EXECUTION) failed: Unexpected result from topLevelExceptionFilter
#
# JRE version: OpenJDK Runtime Environment (12.0.2+10) (build 12.0.2+10)
# Java VM: OpenJDK 64-Bit Server VM (12.0.2+10, mixed mode, sharing, tiered, compressed oops, g1 gc, windows-amd64)
# No core dump will be written. Minidumps are not enabled by default on client versions of Windows
#
# If you would like to submit a bug report, please visit:
#   https://github.com/AdoptOpenJDK/openjdk-build/issues
# The crash happened outside the Java Virtual Machine in native code.
# See problematic frame for where to report the bug.
#

---------------  S U M M A R Y ------------

Command Line: --module-path=C:\Users\V-Windows\.m2\repository\org\openjfx\javafx-base\12.0.2\javafx-base-12.0.2-win.jar;C:\Users\V-Windows\.m2\repository\org\openjfx\javafx-base\12.0.2\javafx-base-12.0.2.jar;C:\Users\V-Windows\.m2\repository\org\openjfx\javafx-controls\12.0.2\javafx-controls-12.0.2-win.jar;C:\Users\V-Windows\.m2\repository\org\openjfx\javafx-controls\12.0.2\javafx-controls-12.0.2.jar;C:\Users\V-Windows\.m2\repository\org\openjfx\javafx-fxml\12.0.2\javafx-fxml-12.0.2-win.jar;C:\Users\V-Windows\.m2\repository\org\openjfx\javafx-fxml\12.0.2\javafx-fxml-12.0.2.jar;C:\Users\V-Windows\.m2\repository\org\openjfx\javafx-graphics\12.0.2\javafx-graphics-12.0.2-win.jar;C:\Users\V-Windows\.m2\repository\org\openjfx\javafx-graphics\12.0.2\javafx-graphics-12.0.2.jar --add-modules=javafx.base,javafx.controls,javafx.fxml,javafx.graphics com.m3u.M3UEditor

Host: Intel(R) Core(TM) i7-6700 CPU @ 3.40GHz, 2 cores, 5G,  Windows 7 , 64 bit Build 7601 (6.1.7601.24511)
Time: Tue Sep 10 18:09:45 2019 Mitteleuropäische Sommerzeit elapsed time: 1 seconds (0d 0h 0m 1s)

---------------  T H R E A D  ---------------

Current thread (0x0000000021a17800):  JavaThread "QuantumRenderer-0" daemon [_thread_in_native, id=3348, stack(0x0000000021c50000,0x0000000021d50000)]

Stack: [0x0000000021c50000,0x0000000021d50000]
Native frames: (J=compiled Java code, j=interpreted, Vv=VM code, C=native code)
V  [jvm.dll+0x5f783a]
V  [jvm.dll+0x7a3d2e]
V  [jvm.dll+0x7a54a0]
V  [jvm.dll+0x7a5ab7]
V  [jvm.dll+0x24a26c]
V  [jvm.dll+0x5f750c]
C  [ntdll.dll+0x6bf7d]
C  [ntdll.dll+0x4043a]
C  [ntdll.dll+0x6b61e]
C  [VBoxSVGA.dll+0x17e9]

Java frames: (J=compiled Java code, j=interpreted, Vv=VM code)
j  com.sun.prism.d3d.D3DResourceFactory.nGetContext(I)J+0 javafx.graphics
j  com.sun.prism.d3d.D3DPipeline.createResourceFactory(ILcom/sun/glass/ui/Screen;)Lcom/sun/prism/d3d/D3DResourceFactory;+1 javafx.graphics
j  com.sun.prism.d3d.D3DPipeline.getD3DResourceFactory(ILcom/sun/glass/ui/Screen;)Lcom/sun/prism/d3d/D3DResourceFactory;+16 javafx.graphics
j  com.sun.prism.d3d.D3DPipeline.findDefaultResourceFactory(Ljava/util/List;)Lcom/sun/prism/d3d/D3DResourceFactory;+17 javafx.graphics
j  com.sun.prism.d3d.D3DPipeline.getDefaultResourceFactory(Ljava/util/List;)Lcom/sun/prism/ResourceFactory;+9 javafx.graphics
j  com.sun.prism.GraphicsPipeline.getDefaultResourceFactory()Lcom/sun/prism/ResourceFactory;+8 javafx.graphics
j  com.sun.javafx.tk.quantum.QuantumRenderer.lambda$createResourceFactory$2()V+0 javafx.graphics
j  com.sun.javafx.tk.quantum.QuantumRenderer$$Lambda$91.run()V+0 javafx.graphics
j  java.util.concurrent.Executors$RunnableAdapter.call()Ljava/lang/Object;+4 java.base@12.0.2
j  java.util.concurrent.FutureTask.runAndReset()Z+44 java.base@12.0.2
j  com.sun.javafx.tk.RenderJob.run()V+1 javafx.graphics
j  java.util.concurrent.ThreadPoolExecutor.runWorker(Ljava/util/concurrent/ThreadPoolExecutor$Worker;)V+92 java.base@12.0.2
j  java.util.concurrent.ThreadPoolExecutor$Worker.run()V+5 java.base@12.0.2
j  com.sun.javafx.tk.quantum.QuantumRenderer$PipelineRunnable.run()V+8 javafx.graphics
j  java.lang.Thread.run()V+11 java.base@12.0.2
v  ~StubRoutines::call_stub

---------------  P R O C E S S  ---------------

Threads class SMR info:
_java_thread_list=0x0000000021a8ce30, length=13, elements={
0x00000000002fb000, 0x0000000020a2f800, 0x0000000020a30800, 0x0000000020a3e000,
0x0000000020a41000, 0x0000000020a4e000, 0x0000000020a50000, 0x0000000020ac0000,
0x000000000039e800, 0x000000002177d800, 0x0000000021a17800, 0x0000000021a65000,
0x0000000021a97800
}

Java Threads: ( => current thread )
  0x00000000002fb000 JavaThread "main" [_thread_blocked, id=3268, stack(0x0000000001c00000,0x0000000001d00000)]
  0x0000000020a2f800 JavaThread "Reference Handler" daemon [_thread_blocked, id=3296, stack(0x0000000020e10000,0x0000000020f10000)]
  0x0000000020a30800 JavaThread "Finalizer" daemon [_thread_blocked, id=3300, stack(0x0000000020f30000,0x0000000021030000)]
  0x0000000020a3e000 JavaThread "Signal Dispatcher" daemon [_thread_blocked, id=3304, stack(0x0000000020ce0000,0x0000000020de0000)]
  0x0000000020a41000 JavaThread "Attach Listener" daemon [_thread_blocked, id=3308, stack(0x00000000210c0000,0x00000000211c0000)]
  0x0000000020a4e000 JavaThread "C2 CompilerThread0" daemon [_thread_blocked, id=3312, stack(0x0000000021280000,0x0000000021380000)]
  0x0000000020a50000 JavaThread "C1 CompilerThread0" daemon [_thread_blocked, id=3316, stack(0x00000000214b0000,0x00000000215b0000)]
  0x0000000020ac0000 JavaThread "Sweeper thread" daemon [_thread_blocked, id=3320, stack(0x00000000215e0000,0x00000000216e0000)]
  0x000000000039e800 JavaThread "Common-Cleaner" daemon [_thread_blocked, id=3324, stack(0x0000000021390000,0x0000000021490000)]
  0x000000002177d800 JavaThread "Service Thread" daemon [_thread_blocked, id=3328, stack(0x0000000021b10000,0x0000000021c10000)]
=>0x0000000021a17800 JavaThread "QuantumRenderer-0" daemon [_thread_in_native, id=3348, stack(0x0000000021c50000,0x0000000021d50000)]
  0x0000000021a65000 JavaThread "InvokeLaterDispatcher" daemon [_thread_blocked, id=3364, stack(0x00000000224b0000,0x00000000225b0000)]
  0x0000000021a97800 JavaThread "JavaFX Application Thread" [_thread_blocked, id=3372, stack(0x0000000022760000,0x0000000022860000)]

Other Threads:
  0x0000000020a29800 VMThread "VM Thread" [stack: 0x0000000020be0000,0x0000000020ce0000] [id=3292]
  0x000000002177f000 WatcherThread [stack: 0x0000000021e00000,0x0000000021f00000] [id=3332]
  0x000000000032f800 GCTaskThread "GC Thread#0" [stack: 0x000000001d630000,0x000000001d730000] [id=3272]
  0x00000000217e9000 GCTaskThread "GC Thread#1" [stack: 0x0000000021f40000,0x0000000022040000] [id=3336]
  0x000000000033c800 ConcurrentGCThread "G1 Main Marker" [stack: 0x000000001d7e0000,0x000000001d8e0000] [id=3276]
  0x000000000033d800 ConcurrentGCThread "G1 Conc#0" [stack: 0x000000001d8e0000,0x000000001d9e0000] [id=3280]
  0x000000001fc10800 ConcurrentGCThread "G1 Refine#0" [stack: 0x000000001fe10000,0x000000001ff10000] [id=3284]
  0x0000000000393800 ConcurrentGCThread "G1 Young RemSet Sampling" [stack: 0x00000000200a0000,0x00000000201a0000] [id=3288]

Threads with active compile tasks:

VM state:not at safepoint (normal execution)

VM Mutex/Monitor currently owned by a thread: None

Heap address: 0x00000000a0000000, size: 1536 MB, Compressed Oops mode: 32-bit
Narrow klass base: 0x0000000800000000, Narrow klass shift: 3
Compressed class space size: 1073741824 Address: 0x00000008011a0000

Heap:
 garbage-first heap   total 98304K, used 7493K [0x00000000a0000000, 0x0000000100000000)
  region size 1024K, 8 young (8192K), 1 survivors (1024K)
 Metaspace       used 3207K, capacity 6110K, committed 6400K, reserved 1056768K
  class space    used 374K, capacity 684K, committed 768K, reserved 1048576K
Heap Regions: E=young(eden), S=young(survivor), O=old, HS=humongous(starts), HC=humongous(continues), CS=collection set, F=free, A=archive, TAMS=top-at-mark-start (previous, next)
|   0|0x00000000a0000000, 0x00000000a0051600, 0x00000000a0100000| 31%| O|  |TAMS 0x00000000a0000000, 0x00000000a0000000| Untracked 
|   1|0x00000000a0100000, 0x00000000a0100000, 0x00000000a0200000|  0%| F|  |TAMS 0x00000000a0100000, 0x00000000a0100000| Untracked 
|   2|0x00000000a0200000, 0x00000000a0200000, 0x00000000a0300000|  0%| F|  |TAMS 0x00000000a0200000, 0x00000000a0200000| Untracked 
|   3|0x00000000a0300000, 0x00000000a0300000, 0x00000000a0400000|  0%| F|  |TAMS 0x00000000a0300000, 0x00000000a0300000| Untracked 
|   4|0x00000000a0400000, 0x00000000a0400000, 0x00000000a0500000|  0%| F|  |TAMS 0x00000000a0400000, 0x00000000a0400000| Untracked 
|   5|0x00000000a0500000, 0x00000000a0500000, 0x00000000a0600000|  0%| F|  |TAMS 0x00000000a0500000, 0x00000000a0500000| Untracked 
|   6|0x00000000a0600000, 0x00000000a0600000, 0x00000000a0700000|  0%| F|  |TAMS 0x00000000a0600000, 0x00000000a0600000| Untracked 
|   7|0x00000000a0700000, 0x00000000a0700000, 0x00000000a0800000|  0%| F|  |TAMS 0x00000000a0700000, 0x00000000a0700000| Untracked 
|   8|0x00000000a0800000, 0x00000000a0800000, 0x00000000a0900000|  0%| F|  |TAMS 0x00000000a0800000, 0x00000000a0800000| Untracked 
|   9|0x00000000a0900000, 0x00000000a0900000, 0x00000000a0a00000|  0%| F|  |TAMS 0x00000000a0900000, 0x00000000a0900000| Untracked 
|  10|0x00000000a0a00000, 0x00000000a0a00000, 0x00000000a0b00000|  0%| F|  |TAMS 0x00000000a0a00000, 0x00000000a0a00000| Untracked 
|  11|0x00000000a0b00000, 0x00000000a0b00000, 0x00000000a0c00000|  0%| F|  |TAMS 0x00000000a0b00000, 0x00000000a0b00000| Untracked 
|  12|0x00000000a0c00000, 0x00000000a0c00000, 0x00000000a0d00000|  0%| F|  |TAMS 0x00000000a0c00000, 0x00000000a0c00000| Untracked 
|  13|0x00000000a0d00000, 0x00000000a0d00000, 0x00000000a0e00000|  0%| F|  |TAMS 0x00000000a0d00000, 0x00000000a0d00000| Untracked 
|  14|0x00000000a0e00000, 0x00000000a0e00000, 0x00000000a0f00000|  0%| F|  |TAMS 0x00000000a0e00000, 0x00000000a0e00000| Untracked 
|  15|0x00000000a0f00000, 0x00000000a0f00000, 0x00000000a1000000|  0%| F|  |TAMS 0x00000000a0f00000, 0x00000000a0f00000| Untracked 
|  16|0x00000000a1000000, 0x00000000a1000000, 0x00000000a1100000|  0%| F|  |TAMS 0x00000000a1000000, 0x00000000a1000000| Untracked 
|  17|0x00000000a1100000, 0x00000000a1100000, 0x00000000a1200000|  0%| F|  |TAMS 0x00000000a1100000, 0x00000000a1100000| Untracked 
|  18|0x00000000a1200000, 0x00000000a1200000, 0x00000000a1300000|  0%| F|  |TAMS 0x00000000a1200000, 0x00000000a1200000| Untracked 
|  19|0x00000000a1300000, 0x00000000a1300000, 0x00000000a1400000|  0%| F|  |TAMS 0x00000000a1300000, 0x00000000a1300000| Untracked 
|  20|0x00000000a1400000, 0x00000000a1400000, 0x00000000a1500000|  0%| F|  |TAMS 0x00000000a1400000, 0x00000000a1400000| Untracked 
|  21|0x00000000a1500000, 0x00000000a1500000, 0x00000000a1600000|  0%| F|  |TAMS 0x00000000a1500000, 0x00000000a1500000| Untracked 
|  22|0x00000000a1600000, 0x00000000a1600000, 0x00000000a1700000|  0%| F|  |TAMS 0x00000000a1600000, 0x00000000a1600000| Untracked 
|  23|0x00000000a1700000, 0x00000000a1700000, 0x00000000a1800000|  0%| F|  |TAMS 0x00000000a1700000, 0x00000000a1700000| Untracked 
|  24|0x00000000a1800000, 0x00000000a1800000, 0x00000000a1900000|  0%| F|  |TAMS 0x00000000a1800000, 0x00000000a1800000| Untracked 
|  25|0x00000000a1900000, 0x00000000a1900000, 0x00000000a1a00000|  0%| F|  |TAMS 0x00000000a1900000, 0x00000000a1900000| Untracked 
|  26|0x00000000a1a00000, 0x00000000a1a00000, 0x00000000a1b00000|  0%| F|  |TAMS 0x00000000a1a00000, 0x00000000a1a00000| Untracked 
|  27|0x00000000a1b00000, 0x00000000a1b00000, 0x00000000a1c00000|  0%| F|  |TAMS 0x00000000a1b00000, 0x00000000a1b00000| Untracked 
|  28|0x00000000a1c00000, 0x00000000a1c00000, 0x00000000a1d00000|  0%| F|  |TAMS 0x00000000a1c00000, 0x00000000a1c00000| Untracked 
|  29|0x00000000a1d00000, 0x00000000a1d00000, 0x00000000a1e00000|  0%| F|  |TAMS 0x00000000a1d00000, 0x00000000a1d00000| Untracked 
|  30|0x00000000a1e00000, 0x00000000a1e00000, 0x00000000a1f00000|  0%| F|  |TAMS 0x00000000a1e00000, 0x00000000a1e00000| Untracked 
|  31|0x00000000a1f00000, 0x00000000a1f00000, 0x00000000a2000000|  0%| F|  |TAMS 0x00000000a1f00000, 0x00000000a1f00000| Untracked 
|  32|0x00000000a2000000, 0x00000000a2000000, 0x00000000a2100000|  0%| F|  |TAMS 0x00000000a2000000, 0x00000000a2000000| Untracked 
|  33|0x00000000a2100000, 0x00000000a2100000, 0x00000000a2200000|  0%| F|  |TAMS 0x00000000a2100000, 0x00000000a2100000| Untracked 
|  34|0x00000000a2200000, 0x00000000a2200000, 0x00000000a2300000|  0%| F|  |TAMS 0x00000000a2200000, 0x00000000a2200000| Untracked 
|  35|0x00000000a2300000, 0x00000000a2300000, 0x00000000a2400000|  0%| F|  |TAMS 0x00000000a2300000, 0x00000000a2300000| Untracked 
|  36|0x00000000a2400000, 0x00000000a2400000, 0x00000000a2500000|  0%| F|  |TAMS 0x00000000a2400000, 0x00000000a2400000| Untracked 
|  37|0x00000000a2500000, 0x00000000a2500000, 0x00000000a2600000|  0%| F|  |TAMS 0x00000000a2500000, 0x00000000a2500000| Untracked 
|  38|0x00000000a2600000, 0x00000000a2600000, 0x00000000a2700000|  0%| F|  |TAMS 0x00000000a2600000, 0x00000000a2600000| Untracked 
|  39|0x00000000a2700000, 0x00000000a2700000, 0x00000000a2800000|  0%| F|  |TAMS 0x00000000a2700000, 0x00000000a2700000| Untracked 
|  40|0x00000000a2800000, 0x00000000a2800000, 0x00000000a2900000|  0%| F|  |TAMS 0x00000000a2800000, 0x00000000a2800000| Untracked 
|  41|0x00000000a2900000, 0x00000000a2900000, 0x00000000a2a00000|  0%| F|  |TAMS 0x00000000a2900000, 0x00000000a2900000| Untracked 
|  42|0x00000000a2a00000, 0x00000000a2a00000, 0x00000000a2b00000|  0%| F|  |TAMS 0x00000000a2a00000, 0x00000000a2a00000| Untracked 
|  43|0x00000000a2b00000, 0x00000000a2b00000, 0x00000000a2c00000|  0%| F|  |TAMS 0x00000000a2b00000, 0x00000000a2b00000| Untracked 
|  44|0x00000000a2c00000, 0x00000000a2c00000, 0x00000000a2d00000|  0%| F|  |TAMS 0x00000000a2c00000, 0x00000000a2c00000| Untracked 
|  45|0x00000000a2d00000, 0x00000000a2d00000, 0x00000000a2e00000|  0%| F|  |TAMS 0x00000000a2d00000, 0x00000000a2d00000| Untracked 
|  46|0x00000000a2e00000, 0x00000000a2e00000, 0x00000000a2f00000|  0%| F|  |TAMS 0x00000000a2e00000, 0x00000000a2e00000| Untracked 
|  47|0x00000000a2f00000, 0x00000000a2f00000, 0x00000000a3000000|  0%| F|  |TAMS 0x00000000a2f00000, 0x00000000a2f00000| Untracked 
|  48|0x00000000a3000000, 0x00000000a3000000, 0x00000000a3100000|  0%| F|  |TAMS 0x00000000a3000000, 0x00000000a3000000| Untracked 
|  49|0x00000000a3100000, 0x00000000a3100000, 0x00000000a3200000|  0%| F|  |TAMS 0x00000000a3100000, 0x00000000a3100000| Untracked 
|  50|0x00000000a3200000, 0x00000000a3200000, 0x00000000a3300000|  0%| F|  |TAMS 0x00000000a3200000, 0x00000000a3200000| Untracked 
|  51|0x00000000a3300000, 0x00000000a3300000, 0x00000000a3400000|  0%| F|  |TAMS 0x00000000a3300000, 0x00000000a3300000| Untracked 
|  52|0x00000000a3400000, 0x00000000a3400000, 0x00000000a3500000|  0%| F|  |TAMS 0x00000000a3400000, 0x00000000a3400000| Untracked 
|  53|0x00000000a3500000, 0x00000000a3500000, 0x00000000a3600000|  0%| F|  |TAMS 0x00000000a3500000, 0x00000000a3500000| Untracked 
|  54|0x00000000a3600000, 0x00000000a3600000, 0x00000000a3700000|  0%| F|  |TAMS 0x00000000a3600000, 0x00000000a3600000| Untracked 
|  55|0x00000000a3700000, 0x00000000a3700000, 0x00000000a3800000|  0%| F|  |TAMS 0x00000000a3700000, 0x00000000a3700000| Untracked 
|  56|0x00000000a3800000, 0x00000000a3800000, 0x00000000a3900000|  0%| F|  |TAMS 0x00000000a3800000, 0x00000000a3800000| Untracked 
|  57|0x00000000a3900000, 0x00000000a3900000, 0x00000000a3a00000|  0%| F|  |TAMS 0x00000000a3900000, 0x00000000a3900000| Untracked 
|  58|0x00000000a3a00000, 0x00000000a3a00000, 0x00000000a3b00000|  0%| F|  |TAMS 0x00000000a3a00000, 0x00000000a3a00000| Untracked 
|  59|0x00000000a3b00000, 0x00000000a3b00000, 0x00000000a3c00000|  0%| F|  |TAMS 0x00000000a3b00000, 0x00000000a3b00000| Untracked 
|  60|0x00000000a3c00000, 0x00000000a3c00000, 0x00000000a3d00000|  0%| F|  |TAMS 0x00000000a3c00000, 0x00000000a3c00000| Untracked 
|  61|0x00000000a3d00000, 0x00000000a3d00000, 0x00000000a3e00000|  0%| F|  |TAMS 0x00000000a3d00000, 0x00000000a3d00000| Untracked 
|  62|0x00000000a3e00000, 0x00000000a3e00000, 0x00000000a3f00000|  0%| F|  |TAMS 0x00000000a3e00000, 0x00000000a3e00000| Untracked 
|  63|0x00000000a3f00000, 0x00000000a3f00000, 0x00000000a4000000|  0%| F|  |TAMS 0x00000000a3f00000, 0x00000000a3f00000| Untracked 
|  64|0x00000000a4000000, 0x00000000a4000000, 0x00000000a4100000|  0%| F|  |TAMS 0x00000000a4000000, 0x00000000a4000000| Untracked 
|  65|0x00000000a4100000, 0x00000000a4100000, 0x00000000a4200000|  0%| F|  |TAMS 0x00000000a4100000, 0x00000000a4100000| Untracked 
|  66|0x00000000a4200000, 0x00000000a4200000, 0x00000000a4300000|  0%| F|  |TAMS 0x00000000a4200000, 0x00000000a4200000| Untracked 
|  67|0x00000000a4300000, 0x00000000a4300000, 0x00000000a4400000|  0%| F|  |TAMS 0x00000000a4300000, 0x00000000a4300000| Untracked 
|  68|0x00000000a4400000, 0x00000000a4400000, 0x00000000a4500000|  0%| F|  |TAMS 0x00000000a4400000, 0x00000000a4400000| Untracked 
|  69|0x00000000a4500000, 0x00000000a4500000, 0x00000000a4600000|  0%| F|  |TAMS 0x00000000a4500000, 0x00000000a4500000| Untracked 
|  70|0x00000000a4600000, 0x00000000a4600000, 0x00000000a4700000|  0%| F|  |TAMS 0x00000000a4600000, 0x00000000a4600000| Untracked 
|  71|0x00000000a4700000, 0x00000000a4700000, 0x00000000a4800000|  0%| F|  |TAMS 0x00000000a4700000, 0x00000000a4700000| Untracked 
|  72|0x00000000a4800000, 0x00000000a4800000, 0x00000000a4900000|  0%| F|  |TAMS 0x00000000a4800000, 0x00000000a4800000| Untracked 
|  73|0x00000000a4900000, 0x00000000a4900000, 0x00000000a4a00000|  0%| F|  |TAMS 0x00000000a4900000, 0x00000000a4900000| Untracked 
|  74|0x00000000a4a00000, 0x00000000a4a00000, 0x00000000a4b00000|  0%| F|  |TAMS 0x00000000a4a00000, 0x00000000a4a00000| Untracked 
|  75|0x00000000a4b00000, 0x00000000a4b00000, 0x00000000a4c00000|  0%| F|  |TAMS 0x00000000a4b00000, 0x00000000a4b00000| Untracked 
|  76|0x00000000a4c00000, 0x00000000a4c00000, 0x00000000a4d00000|  0%| F|  |TAMS 0x00000000a4c00000, 0x00000000a4c00000| Untracked 
|  77|0x00000000a4d00000, 0x00000000a4d00000, 0x00000000a4e00000|  0%| F|  |TAMS 0x00000000a4d00000, 0x00000000a4d00000| Untracked 
|  78|0x00000000a4e00000, 0x00000000a4e00000, 0x00000000a4f00000|  0%| F|  |TAMS 0x00000000a4e00000, 0x00000000a4e00000| Untracked 
|  79|0x00000000a4f00000, 0x00000000a4f00000, 0x00000000a5000000|  0%| F|  |TAMS 0x00000000a4f00000, 0x00000000a4f00000| Untracked 
|  80|0x00000000a5000000, 0x00000000a5000000, 0x00000000a5100000|  0%| F|  |TAMS 0x00000000a5000000, 0x00000000a5000000| Untracked 
|  81|0x00000000a5100000, 0x00000000a5100000, 0x00000000a5200000|  0%| F|  |TAMS 0x00000000a5100000, 0x00000000a5100000| Untracked 
|  82|0x00000000a5200000, 0x00000000a5200000, 0x00000000a5300000|  0%| F|  |TAMS 0x00000000a5200000, 0x00000000a5200000| Untracked 
|  83|0x00000000a5300000, 0x00000000a5300000, 0x00000000a5400000|  0%| F|  |TAMS 0x00000000a5300000, 0x00000000a5300000| Untracked 
|  84|0x00000000a5400000, 0x00000000a5400000, 0x00000000a5500000|  0%| F|  |TAMS 0x00000000a5400000, 0x00000000a5400000| Untracked 
|  85|0x00000000a5500000, 0x00000000a5500000, 0x00000000a5600000|  0%| F|  |TAMS 0x00000000a5500000, 0x00000000a5500000| Untracked 
|  86|0x00000000a5600000, 0x00000000a5600000, 0x00000000a5700000|  0%| F|  |TAMS 0x00000000a5600000, 0x00000000a5600000| Untracked 
|  87|0x00000000a5700000, 0x00000000a5700000, 0x00000000a5800000|  0%| F|  |TAMS 0x00000000a5700000, 0x00000000a5700000| Untracked 
|  88|0x00000000a5800000, 0x00000000a5900000, 0x00000000a5900000|100%| S|CS|TAMS 0x00000000a5800000, 0x00000000a5800000| Complete 
|  89|0x00000000a5900000, 0x00000000a5980800, 0x00000000a5a00000| 50%| E|  |TAMS 0x00000000a5900000, 0x00000000a5900000| Complete 
|  90|0x00000000a5a00000, 0x00000000a5b00000, 0x00000000a5b00000|100%| E|CS|TAMS 0x00000000a5a00000, 0x00000000a5a00000| Complete 
|  91|0x00000000a5b00000, 0x00000000a5c00000, 0x00000000a5c00000|100%| E|CS|TAMS 0x00000000a5b00000, 0x00000000a5b00000| Complete 
|  92|0x00000000a5c00000, 0x00000000a5d00000, 0x00000000a5d00000|100%| E|CS|TAMS 0x00000000a5c00000, 0x00000000a5c00000| Complete 
|  93|0x00000000a5d00000, 0x00000000a5e00000, 0x00000000a5e00000|100%| E|CS|TAMS 0x00000000a5d00000, 0x00000000a5d00000| Complete 
|  94|0x00000000a5e00000, 0x00000000a5f00000, 0x00000000a5f00000|100%| E|CS|TAMS 0x00000000a5e00000, 0x00000000a5e00000| Complete 
|  95|0x00000000a5f00000, 0x00000000a6000000, 0x00000000a6000000|100%| E|CS|TAMS 0x00000000a5f00000, 0x00000000a5f00000| Complete 

Card table byte_map: [0x0000000019f80000,0x000000001a280000] _byte_map_base: 0x0000000019a80000

Marking Bits (Prev, Next): (CMBitMap*) 0x00000000003328e8, (CMBitMap*) 0x0000000000332928
 Prev Bits: [0x000000001a580000, 0x000000001bd80000)
 Next Bits: [0x000000001bd80000, 0x000000001d580000)

Polling page: 0x0000000000110000

Metaspace:

Usage:
  Non-class:      5.30 MB capacity,     2.77 MB ( 52%) used,     2.51 MB ( 47%) free+waste,    19.81 KB ( <1%) overhead. 
      Class:    684.00 KB capacity,   374.44 KB ( 55%) used,   298.75 KB ( 44%) free+waste,    10.81 KB (  2%) overhead. 
       Both:      5.97 MB capacity,     3.13 MB ( 52%) used,     2.80 MB ( 47%) free+waste,    30.63 KB ( <1%) overhead. 

Virtual space:
  Non-class space:        8.00 MB reserved,       5.50 MB ( 69%) committed 
      Class space:        1.00 GB reserved,     768.00 KB ( <1%) committed 
             Both:        1.01 GB reserved,       6.25 MB ( <1%) committed 

Chunk freelists:
   Non-Class:  1.75 KB
       Class:  0 bytes
        Both:  1.75 KB

CodeHeap 'non-profiled nmethods': size=120064Kb used=239Kb max_used=239Kb free=119824Kb
 bounds [0x0000000012430000, 0x00000000126a0000, 0x0000000019970000]
CodeHeap 'profiled nmethods': size=120000Kb used=1264Kb max_used=1264Kb free=118736Kb
 bounds [0x000000000af00000, 0x000000000b170000, 0x0000000012430000]
CodeHeap 'non-nmethods': size=5696Kb used=1119Kb max_used=1128Kb free=4576Kb
 bounds [0x000000000a970000, 0x000000000abe0000, 0x000000000af00000]
 total_blobs=1393 nmethods=809 adapters=337
 compilation: enabled
              stopped_count=0, restarted_count=0
 full_count=0

Compilation events (10 events):
Event: 1.489 Thread 0x0000000020a50000  805       3       jdk.internal.org.objectweb.asm.MethodWriter::visitLabel (328 bytes)
Event: 1.490 Thread 0x0000000020a50000 nmethod 805 0x000000000b036f10 code [0x000000000b0371a0, 0x000000000b038130]
Event: 1.579 Thread 0x0000000020a50000  807       3       java.lang.invoke.BoundMethodHandle::<init> (32 bytes)
Event: 1.580 Thread 0x0000000020a50000 nmethod 807 0x000000000b038490 code [0x000000000b038660, 0x000000000b038830]
Event: 1.580 Thread 0x0000000020a50000  808       3       sun.invoke.util.VerifyAccess::isClassAccessible (182 bytes)
Event: 1.588 Thread 0x0000000020a50000 nmethod 808 0x000000000b038910 code [0x000000000b038ce0, 0x000000000b03a460]
Event: 1.589 Thread 0x0000000020a50000  809       3       java.lang.String::concat (115 bytes)
Event: 1.589 Thread 0x0000000020a50000 nmethod 809 0x000000000b03ab90 code [0x000000000b03ae40, 0x000000000b03bb90]
Event: 1.590 Thread 0x0000000020a4e000  810       4       java.lang.StringBuilder::append (8 bytes)
Event: 1.596 Thread 0x0000000020a4e000 nmethod 810 0x000000001246b390 code [0x000000001246b540, 0x000000001246bb78]

GC Heap History (2 events):
Event: 0.476 GC heap before
{Heap before GC invocations=0 (full 0):
 garbage-first heap   total 98304K, used 6144K [0x00000000a0000000, 0x0000000100000000)
  region size 1024K, 7 young (7168K), 0 survivors (0K)
 Metaspace       used 1141K, capacity 4806K, committed 4864K, reserved 1056768K
  class space    used 124K, capacity 476K, committed 512K, reserved 1048576K
}
Event: 0.518 GC heap after
{Heap after GC invocations=1 (full 0):
 garbage-first heap   total 98304K, used 1349K [0x00000000a0000000, 0x0000000100000000)
  region size 1024K, 1 young (1024K), 1 survivors (1024K)
 Metaspace       used 1141K, capacity 4806K, committed 4864K, reserved 1056768K
  class space    used 124K, capacity 476K, committed 512K, reserved 1048576K
}

Deoptimization events (5 events):
Event: 0.280 Thread 0x00000000002fb000 Uncommon trap: reason=unstable_if action=reinterpret pc=0x000000001243b854 method=java.lang.StringLatin1.replace([BCC)Ljava/lang/String; @ 19 c2
Event: 0.304 Thread 0x00000000002fb000 Uncommon trap: reason=unstable_if action=reinterpret pc=0x000000001243a6b0 method=java.lang.CharacterDataLatin1.isJavaIdentifierPart(I)Z @ 11 c2
Event: 0.430 Thread 0x00000000002fb000 Uncommon trap: reason=unstable_if action=reinterpret pc=0x0000000012435ea0 method=java.lang.String.isLatin1()Z @ 10 c2
Event: 0.431 Thread 0x00000000002fb000 Uncommon trap: reason=unstable_if action=reinterpret pc=0x000000001244c128 method=java.lang.String.substring(II)Ljava/lang/String; @ 22 c2
Event: 0.655 Thread 0x00000000002fb000 Uncommon trap: reason=unstable_if action=reinterpret pc=0x0000000012448f98 method=jdk.internal.module.Checks.isJavaIdentifier(Ljava/lang/String;)Z @ 4 c2

Classes redefined (0 events):
No events

Internal exceptions (7 events):
Event: 0.284 Thread 0x00000000002fb000 Exception <a 'java/lang/NoSuchMethodError'{0x00000000a5ea6230}: java.lang.invoke.DirectMethodHandle$Holder.invokeSpecialIFC(Ljava/lang/Object;Ljava/lang/Object;I)I> (0x00000000a5ea6230) thrown at [c:/cygwin64/tmp/openjdk-jdk12u-windows-x64-hotspot/workspa
Event: 0.540 Thread 0x00000000002fb000 Exception <a 'java/lang/NoSuchMethodError'{0x00000000a5fe2228}: java.lang.invoke.DirectMethodHandle$Holder.invokeStatic(Ljava/lang/Object;Ljava/lang/Object;Ljava/lang/Object;Ljava/lang/Object;Ljava/lang/Object;Ljava/lang/Object;Ljava/lang/Object;J)Ljava/l
Event: 0.542 Thread 0x00000000002fb000 Exception <a 'java/lang/NoSuchMethodError'{0x00000000a5ffae50}: java.lang.invoke.DirectMethodHandle$Holder.invokeStatic(Ljava/lang/Object;Ljava/lang/Object;Ljava/lang/Object;Ljava/lang/Object;Ljava/lang/Object;Ljava/lang/Object;Ljava/lang/Object;JLjava/la
Event: 1.167 Thread 0x00000000002fb000 Exception <a 'java/lang/NoSuchMethodError'{0x00000000a5b1f9a8}: java.lang.invoke.DirectMethodHandle$Holder.invokeStaticInit(Ljava/lang/Object;Ljava/lang/Object;Ljava/lang/Object;)I> (0x00000000a5b1f9a8) thrown at [c:/cygwin64/tmp/openjdk-jdk12u-windows-x6
Event: 1.190 Thread 0x00000000002fb000 Exception <a 'java/lang/NoSuchMethodError'{0x00000000a5b2aaf0}: java.lang.invoke.DirectMethodHandle$Holder.invokeSpecial(Ljava/lang/Object;Ljava/lang/Object;)V> (0x00000000a5b2aaf0) thrown at [c:/cygwin64/tmp/openjdk-jdk12u-windows-x64-hotspot/workspace/b
Event: 1.282 Thread 0x00000000002fb000 Exception <a 'java/lang/NoSuchMethodError'{0x00000000a5ae0f08}: java.lang.invoke.DirectMethodHandle$Holder.invokeStatic(Ljava/lang/Object;Ljava/lang/Object;ILjava/lang/Object;)Ljava/lang/Object;> (0x00000000a5ae0f08) thrown at [c:/cygwin64/tmp/openjdk-jdk
Event: 1.454 Thread 0x00000000002fb000 Exception <a 'java/lang/NoSuchMethodError'{0x00000000a5ae71c8}: java.lang.invoke.Invokers$Holder.linkToTargetMethod(Ljava/lang/Object;ILjava/lang/Object;Ljava/lang/Object;)Ljava/lang/Object;> (0x00000000a5ae71c8) thrown at [c:/cygwin64/tmp/openjdk-jdk12u-

Events (10 events):
Event: 1.588 Executing VM operation: RevokeBias
Event: 1.589 Executing VM operation: RevokeBias done
Event: 1.589 Executing VM operation: RevokeBias
Event: 1.589 Executing VM operation: RevokeBias done
Event: 1.590 Executing VM operation: RevokeBias
Event: 1.590 Executing VM operation: RevokeBias done
Event: 1.590 Executing VM operation: RevokeBias
Event: 1.590 Executing VM operation: RevokeBias done
Event: 1.596 Executing VM operation: RevokeBias
Event: 1.596 Executing VM operation: RevokeBias done


Dynamic libraries:
0x000000013fc70000 - 0x000000013fc7d000 	C:\Program Files\AdoptOpenJDK\jdk-12.0.2.10-hotspot\bin\java.exe
0x0000000077170000 - 0x000000007730f000 	C:\Windows\SYSTEM32\ntdll.dll
0x0000000077050000 - 0x000000007716f000 	C:\Windows\system32\kernel32.dll
0x000007fefcde0000 - 0x000007fefce47000 	C:\Windows\system32\KERNELBASE.dll
0x000007fef3780000 - 0x000007fef3797000 	C:\Program Files\AdoptOpenJDK\jdk-12.0.2.10-hotspot\bin\jli.dll
0x000007fefb3c0000 - 0x000007fefb5b5000 	C:\Windows\WinSxS\amd64_microsoft.windows.common-controls_6595b64144ccf1df_6.0.7601.24483_none_e372d88f30fbb845\COMCTL32.dll
0x000007fefd8c0000 - 0x000007fefd95f000 	C:\Windows\system32\msvcrt.dll
0x000007fefd550000 - 0x000007fefd5b7000 	C:\Windows\system32\GDI32.dll
0x0000000076f50000 - 0x000000007704a000 	C:\Windows\system32\USER32.dll
0x000007feff450000 - 0x000007feff45e000 	C:\Windows\system32\LPK.dll
0x000007fefd610000 - 0x000007fefd6db000 	C:\Windows\system32\USP10.dll
0x000007feff070000 - 0x000007feff0e1000 	C:\Windows\system32\SHLWAPI.dll
0x000007fef2bf0000 - 0x000007fef2c06000 	C:\Program Files\AdoptOpenJDK\jdk-12.0.2.10-hotspot\bin\VCRUNTIME140.dll
0x000007fef2c20000 - 0x000007fef2c24000 	C:\Program Files\AdoptOpenJDK\jdk-12.0.2.10-hotspot\bin\api-ms-win-crt-runtime-l1-1-0.dll
0x000007feef430000 - 0x000007feef52a000 	C:\Program Files\AdoptOpenJDK\jdk-12.0.2.10-hotspot\bin\ucrtbase.DLL
0x000007fef49c0000 - 0x000007fef49c3000 	C:\Program Files\AdoptOpenJDK\jdk-12.0.2.10-hotspot\bin\api-ms-win-core-localization-l1-2-0.dll
0x000007fef3840000 - 0x000007fef3843000 	C:\Program Files\AdoptOpenJDK\jdk-12.0.2.10-hotspot\bin\api-ms-win-core-processthreads-l1-1-1.dll
0x000007fef3770000 - 0x000007fef3773000 	C:\Program Files\AdoptOpenJDK\jdk-12.0.2.10-hotspot\bin\api-ms-win-core-file-l1-2-0.dll
0x000007fef3760000 - 0x000007fef3763000 	C:\Program Files\AdoptOpenJDK\jdk-12.0.2.10-hotspot\bin\api-ms-win-core-timezone-l1-1-0.dll
0x000007fef28d0000 - 0x000007fef28d3000 	C:\Program Files\AdoptOpenJDK\jdk-12.0.2.10-hotspot\bin\api-ms-win-core-file-l2-1-0.dll
0x000007fef28c0000 - 0x000007fef28c3000 	C:\Program Files\AdoptOpenJDK\jdk-12.0.2.10-hotspot\bin\api-ms-win-core-synch-l1-2-0.dll
0x000007fef2aa0000 - 0x000007fef2aa4000 	C:\Program Files\AdoptOpenJDK\jdk-12.0.2.10-hotspot\bin\api-ms-win-crt-string-l1-1-0.dll
0x000007fef2a70000 - 0x000007fef2a73000 	C:\Program Files\AdoptOpenJDK\jdk-12.0.2.10-hotspot\bin\api-ms-win-crt-heap-l1-1-0.dll
0x000007fef2a80000 - 0x000007fef2a84000 	C:\Program Files\AdoptOpenJDK\jdk-12.0.2.10-hotspot\bin\api-ms-win-crt-stdio-l1-1-0.dll
0x000007fef2a50000 - 0x000007fef2a54000 	C:\Program Files\AdoptOpenJDK\jdk-12.0.2.10-hotspot\bin\api-ms-win-crt-convert-l1-1-0.dll
0x000007fef2a60000 - 0x000007fef2a63000 	C:\Program Files\AdoptOpenJDK\jdk-12.0.2.10-hotspot\bin\api-ms-win-crt-environment-l1-1-0.dll
0x000007fef2a10000 - 0x000007fef2a13000 	C:\Program Files\AdoptOpenJDK\jdk-12.0.2.10-hotspot\bin\api-ms-win-crt-filesystem-l1-1-0.dll
0x000007fef2a40000 - 0x000007fef2a45000 	C:\Program Files\AdoptOpenJDK\jdk-12.0.2.10-hotspot\bin\api-ms-win-crt-math-l1-1-0.dll
0x000007fef2c40000 - 0x000007fef2c43000 	C:\Program Files\AdoptOpenJDK\jdk-12.0.2.10-hotspot\bin\api-ms-win-crt-locale-l1-1-0.dll
0x000007feff020000 - 0x000007feff04e000 	C:\Windows\system32\IMM32.DLL
0x000007fefd250000 - 0x000007fefd35b000 	C:\Windows\system32\MSCTF.dll
0x000007fef0e10000 - 0x000007fef0eab000 	C:\Program Files\AdoptOpenJDK\jdk-12.0.2.10-hotspot\bin\msvcp140.dll
0x000007fef2a20000 - 0x000007fef2a23000 	C:\Program Files\AdoptOpenJDK\jdk-12.0.2.10-hotspot\bin\api-ms-win-crt-time-l1-1-0.dll
0x000007fef2a30000 - 0x000007fef2a33000 	C:\Program Files\AdoptOpenJDK\jdk-12.0.2.10-hotspot\bin\api-ms-win-crt-utility-l1-1-0.dll
0x000007feefe10000 - 0x000007fef09bd000 	C:\Program Files\AdoptOpenJDK\jdk-12.0.2.10-hotspot\bin\server\jvm.dll
0x000007fefd960000 - 0x000007fefda3b000 	C:\Windows\system32\ADVAPI32.dll
0x000007feff050000 - 0x000007feff06f000 	C:\Windows\SYSTEM32\sechost.dll
0x000007fefd120000 - 0x000007fefd24c000 	C:\Windows\system32\RPCRT4.dll
0x000007fef49b0000 - 0x000007fef49b9000 	C:\Windows\system32\WSOCK32.dll
0x000007fefd5c0000 - 0x000007fefd60d000 	C:\Windows\system32\WS2_32.dll
0x000007feff170000 - 0x000007feff178000 	C:\Windows\system32\NSI.dll
0x000007fef8e40000 - 0x000007fef8e7b000 	C:\Windows\system32\WINMM.dll
0x000007fefbf00000 - 0x000007fefbf0c000 	C:\Windows\system32\VERSION.dll
0x0000000077310000 - 0x0000000077317000 	C:\Windows\system32\PSAPI.DLL
0x000007fef2990000 - 0x000007fef29a0000 	C:\Program Files\AdoptOpenJDK\jdk-12.0.2.10-hotspot\bin\verify.dll
0x000007fef1070000 - 0x000007fef1195000 	C:\Windows\system32\DBGHELP.DLL
0x000007fef29a0000 - 0x000007fef29c6000 	C:\Program Files\AdoptOpenJDK\jdk-12.0.2.10-hotspot\bin\java.dll
0x000007fef2970000 - 0x000007fef2987000 	C:\Program Files\AdoptOpenJDK\jdk-12.0.2.10-hotspot\bin\zip.dll
0x000007fef2960000 - 0x000007fef296a000 	C:\Program Files\AdoptOpenJDK\jdk-12.0.2.10-hotspot\bin\jimage.dll
0x000007fefe090000 - 0x000007fefee1b000 	C:\Windows\system32\SHELL32.dll
0x000007fefee20000 - 0x000007feff01f000 	C:\Windows\system32\ole32.dll
0x000007fefccc0000 - 0x000007fefcccf000 	C:\Windows\system32\profapi.dll
0x000007fef2940000 - 0x000007fef2959000 	C:\Program Files\AdoptOpenJDK\jdk-12.0.2.10-hotspot\bin\net.dll
0x000007fef9730000 - 0x000007fef97a1000 	C:\Windows\system32\WINHTTP.dll
0x000007fef9550000 - 0x000007fef95b5000 	C:\Windows\system32\webio.dll
0x000007fefd360000 - 0x000007fefd4ea000 	C:\Windows\system32\urlmon.dll
0x000007fefd030000 - 0x000007fefd034000 	C:\Windows\system32\api-ms-win-downlevel-ole32-l1-1-0.dll
0x000007fefcdd0000 - 0x000007fefcdd4000 	C:\Windows\system32\api-ms-win-downlevel-shlwapi-l1-1-0.dll
0x000007fefcda0000 - 0x000007fefcda5000 	C:\Windows\system32\api-ms-win-downlevel-advapi32-l1-1-0.dll
0x000007fefcd80000 - 0x000007fefcd84000 	C:\Windows\system32\api-ms-win-downlevel-user32-l1-1-0.dll
0x000007fefceb0000 - 0x000007fefceb4000 	C:\Windows\system32\api-ms-win-downlevel-version-l1-1-0.dll
0x000007fefcd90000 - 0x000007fefcd93000 	C:\Windows\system32\api-ms-win-downlevel-normaliz-l1-1-0.dll
0x0000000077320000 - 0x0000000077323000 	C:\Windows\system32\normaliz.DLL
0x000007feff180000 - 0x000007feff44c000 	C:\Windows\system32\iertutil.dll
0x000007fefdb20000 - 0x000007fefdfcc000 	C:\Windows\system32\WININET.dll
0x000007fefce90000 - 0x000007fefceaf000 	C:\Windows\system32\USERENV.dll
0x000007fefc400000 - 0x000007fefc455000 	C:\Windows\system32\mswsock.dll
0x000007fefc3f0000 - 0x000007fefc3f7000 	C:\Windows\System32\wship6.dll
0x000007fef1050000 - 0x000007fef1063000 	C:\Program Files\AdoptOpenJDK\jdk-12.0.2.10-hotspot\bin\nio.dll
0x000007fef28b0000 - 0x000007fef28b3000 	C:\Program Files\AdoptOpenJDK\jdk-12.0.2.10-hotspot\bin\api-ms-win-core-console-l1-1-0.dll
0x000007fef28a0000 - 0x000007fef28a3000 	C:\Program Files\AdoptOpenJDK\jdk-12.0.2.10-hotspot\bin\api-ms-win-core-datetime-l1-1-0.dll
0x000007fef2890000 - 0x000007fef2893000 	C:\Program Files\AdoptOpenJDK\jdk-12.0.2.10-hotspot\bin\api-ms-win-core-debug-l1-1-0.dll
0x000007fef2880000 - 0x000007fef2883000 	C:\Program Files\AdoptOpenJDK\jdk-12.0.2.10-hotspot\bin\api-ms-win-core-errorhandling-l1-1-0.dll
0x000007fef2870000 - 0x000007fef2874000 	C:\Program Files\AdoptOpenJDK\jdk-12.0.2.10-hotspot\bin\api-ms-win-core-file-l1-1-0.dll
0x000007fef2540000 - 0x000007fef2543000 	C:\Program Files\AdoptOpenJDK\jdk-12.0.2.10-hotspot\bin\api-ms-win-core-handle-l1-1-0.dll
0x000007fef2530000 - 0x000007fef2533000 	C:\Program Files\AdoptOpenJDK\jdk-12.0.2.10-hotspot\bin\api-ms-win-core-heap-l1-1-0.dll
0x000007fef2520000 - 0x000007fef2523000 	C:\Program Files\AdoptOpenJDK\jdk-12.0.2.10-hotspot\bin\api-ms-win-core-interlocked-l1-1-0.dll
0x000007fef2510000 - 0x000007fef2513000 	C:\Program Files\AdoptOpenJDK\jdk-12.0.2.10-hotspot\bin\api-ms-win-core-libraryloader-l1-1-0.dll
0x000007fef2500000 - 0x000007fef2503000 	C:\Program Files\AdoptOpenJDK\jdk-12.0.2.10-hotspot\bin\api-ms-win-core-memory-l1-1-0.dll
0x000007feefb30000 - 0x000007feefb33000 	C:\Program Files\AdoptOpenJDK\jdk-12.0.2.10-hotspot\bin\api-ms-win-core-namedpipe-l1-1-0.dll
0x000007feefb20000 - 0x000007feefb23000 	C:\Program Files\AdoptOpenJDK\jdk-12.0.2.10-hotspot\bin\api-ms-win-core-processenvironment-l1-1-0.dll
0x000007feefb10000 - 0x000007feefb13000 	C:\Program Files\AdoptOpenJDK\jdk-12.0.2.10-hotspot\bin\api-ms-win-core-processthreads-l1-1-0.dll
0x000007feef420000 - 0x000007feef423000 	C:\Program Files\AdoptOpenJDK\jdk-12.0.2.10-hotspot\bin\api-ms-win-core-profile-l1-1-0.dll
0x000007feef410000 - 0x000007feef413000 	C:\Program Files\AdoptOpenJDK\jdk-12.0.2.10-hotspot\bin\api-ms-win-core-rtlsupport-l1-1-0.dll
0x000007feef400000 - 0x000007feef403000 	C:\Program Files\AdoptOpenJDK\jdk-12.0.2.10-hotspot\bin\api-ms-win-core-string-l1-1-0.dll
0x000007feef3f0000 - 0x000007feef3f3000 	C:\Program Files\AdoptOpenJDK\jdk-12.0.2.10-hotspot\bin\api-ms-win-core-synch-l1-1-0.dll
0x000007feef3e0000 - 0x000007feef3e3000 	C:\Program Files\AdoptOpenJDK\jdk-12.0.2.10-hotspot\bin\api-ms-win-core-sysinfo-l1-1-0.dll
0x000007feef3d0000 - 0x000007feef3d3000 	C:\Program Files\AdoptOpenJDK\jdk-12.0.2.10-hotspot\bin\api-ms-win-core-util-l1-1-0.dll
0x000007feef2e0000 - 0x000007feef2e3000 	C:\Program Files\AdoptOpenJDK\jdk-12.0.2.10-hotspot\bin\api-ms-win-crt-conio-l1-1-0.dll
0x000007feef2d0000 - 0x000007feef2d5000 	C:\Program Files\AdoptOpenJDK\jdk-12.0.2.10-hotspot\bin\api-ms-win-crt-multibyte-l1-1-0.dll
0x000007feef2c0000 - 0x000007feef2d0000 	C:\Program Files\AdoptOpenJDK\jdk-12.0.2.10-hotspot\bin\api-ms-win-crt-private-l1-1-0.dll
0x000007feef2b0000 - 0x000007feef2b3000 	C:\Program Files\AdoptOpenJDK\jdk-12.0.2.10-hotspot\bin\api-ms-win-crt-process-l1-1-0.dll
0x000007feed380000 - 0x000007feed3d1000 	C:\Users\V-Windows\.openjfx\cache\12.0.2\concrt140.dll
0x000007feef280000 - 0x000007feef2a3000 	C:\Users\V-Windows\.openjfx\cache\12.0.2\prism_d3d.dll
0x000007fef6650000 - 0x000007fef684f000 	C:\Windows\system32\d3d9.dll
0x000007fef94c0000 - 0x000007fef94c7000 	C:\Windows\system32\d3d8thk.dll
0x000007fefa7b0000 - 0x000007fefa7c8000 	C:\Windows\system32\dwmapi.dll
0x000007fefaf30000 - 0x000007fefaf86000 	C:\Windows\system32\uxtheme.dll
0x000007fef7880000 - 0x000007fef7abf000 	C:\Windows\system32\VBoxDispD3D.dll
0x000007fef63b0000 - 0x000007fef655f000 	C:\Windows\system32\VBoxSVGA.dll
0x000007fef6f70000 - 0x000007fef709f000 	C:\Windows\system32\VBoxNine.dll
0x000007feed330000 - 0x000007feed375000 	C:\Users\V-Windows\.openjfx\cache\12.0.2\glass.dll
0x000007fefdfd0000 - 0x000007fefe067000 	C:\Windows\system32\COMDLG32.dll
0x000007fefda40000 - 0x000007fefdb1b000 	C:\Windows\system32\OLEAUT32.dll
0x000007fefcc00000 - 0x000007fefcc0f000 	C:\Windows\system32\CRYPTBASE.dll

dbghelp: loaded successfully - version: 4.0.5 - missing functions: none
symbol engine: initialized successfully - sym options: 0x614 - pdb path: .;C:\Program Files\AdoptOpenJDK\jdk-12.0.2.10-hotspot\bin;C:\Windows\SYSTEM32;C:\Windows\WinSxS\amd64_microsoft.windows.common-controls_6595b64144ccf1df_6.0.7601.24483_none_e372d88f30fbb845;C:\Program Files\AdoptOpenJDK\jdk-12.0.2.10-hotspot\bin\server;C:\Users\V-Windows\.openjfx\cache\12.0.2

VM Arguments:
jvm_args: --module-path=C:\Users\V-Windows\.m2\repository\org\openjfx\javafx-base\12.0.2\javafx-base-12.0.2-win.jar;C:\Users\V-Windows\.m2\repository\org\openjfx\javafx-base\12.0.2\javafx-base-12.0.2.jar;C:\Users\V-Windows\.m2\repository\org\openjfx\javafx-controls\12.0.2\javafx-controls-12.0.2-win.jar;C:\Users\V-Windows\.m2\repository\org\openjfx\javafx-controls\12.0.2\javafx-controls-12.0.2.jar;C:\Users\V-Windows\.m2\repository\org\openjfx\javafx-fxml\12.0.2\javafx-fxml-12.0.2-win.jar;C:\Users\V-Windows\.m2\repository\org\openjfx\javafx-fxml\12.0.2\javafx-fxml-12.0.2.jar;C:\Users\V-Windows\.m2\repository\org\openjfx\javafx-graphics\12.0.2\javafx-graphics-12.0.2-win.jar;C:\Users\V-Windows\.m2\repository\org\openjfx\javafx-graphics\12.0.2\javafx-graphics-12.0.2.jar --add-modules=javafx.base,javafx.controls,javafx.fxml,javafx.graphics 
java_command: com.m3u.M3UEditor
java_class_path (initial): C:\Users\V-Windows\Documents\NetBeansProjects\M3U-Editor-New\target\classes
Launcher Type: SUN_STANDARD

[Global flags]
     intx CICompilerCount                          = 2                                         {product} {ergonomic}
     uint ConcGCThreads                            = 1                                         {product} {ergonomic}
     uint G1ConcRefinementThreads                  = 2                                         {product} {ergonomic}
   size_t G1HeapRegionSize                         = 1048576                                   {product} {ergonomic}
    uintx GCDrainStackTargetSize                   = 64                                        {product} {ergonomic}
   size_t InitialHeapSize                          = 100663296                                 {product} {ergonomic}
   size_t MarkStackSize                            = 4194304                                   {product} {ergonomic}
   size_t MaxHeapSize                              = 1610612736                                {product} {ergonomic}
   size_t MaxNewSize                               = 965738496                                 {product} {ergonomic}
   size_t MinHeapDeltaBytes                        = 1048576                                   {product} {ergonomic}
    uintx NonNMethodCodeHeapSize                   = 5825164                                {pd product} {ergonomic}
    uintx NonProfiledCodeHeapSize                  = 122916538                              {pd product} {ergonomic}
    uintx ProfiledCodeHeapSize                     = 122916538                              {pd product} {ergonomic}
    uintx ReservedCodeCacheSize                    = 251658240                              {pd product} {ergonomic}
     bool SegmentedCodeCache                       = true                                      {product} {ergonomic}
     bool UseCompressedClassPointers               = true                                 {lp64_product} {ergonomic}
     bool UseCompressedOops                        = true                                 {lp64_product} {ergonomic}
     bool UseG1GC                                  = true                                      {product} {ergonomic}
     bool UseLargePagesIndividualAllocation        = false                                  {pd product} {ergonomic}

Logging:
Log output configuration:
 #0: stdout all=warning uptime,level,tags
 #1: stderr all=off uptime,level,tags

Environment Variables:
JAVA_HOME=C:\Program Files\AdoptOpenJDK\jdk-12.0.2.10-hotspot
PATH=C:\Program Files\AdoptOpenJDK\jdk-12.0.2.10-hotspot\bin;C:\Windows\system32;C:\Windows;C:\Windows\System32\Wbem;C:\Windows\System32\WindowsPowerShell\v1.0\
USERNAME=V-Windows
OS=Windows_NT
PROCESSOR_IDENTIFIER=Intel64 Family 6 Model 94 Stepping 3, GenuineIntel



---------------  S Y S T E M  ---------------

OS: Windows 7 , 64 bit Build 7601 (6.1.7601.24511)

CPU:total 2 (initial active 2) (2 cores per cpu, 1 threads per core) family 6 model 94 stepping 3, cmov, cx8, fxsr, mmx, sse, sse2, sse3, ssse3, sse4.1, sse4.2, popcnt, avx, avx2, aes, clmul, 3dnowpref, lzcnt, tsc, tscinvbit

Memory: 4k page, system-wide physical 6143M (3765M free)
TotalPageFile size 12285M (AvailPageFile size 8936M)
current process WorkingSet (physical memory assigned to process): 32M, peak: 50M
current process commit charge ("private bytes"): 174M, peak: 205M

vm_info: OpenJDK 64-Bit Server VM (12.0.2+10) for windows-amd64 JRE (12.0.2+10), built on Jul 18 2019 09:53:25 by "" with MS VC++ 15.8 (VS2017)

END.
